I, [2013-06-25T16:07:18.489142 #20973]  INFO -- : Refreshing Gem list
WARNING: Nokogiri was built against LibXML version 2.9.0, but has dynamically loaded 2.7.8
I, [2013-06-25T16:07:21.833941 #20973]  INFO -- : listening on addr=/tmp/unicorn.sock fd=9
E, [2013-06-25T16:07:21.834254 #20973] ERROR -- : adding listener failed addr=0.0.0.0:8080 (in use)
E, [2013-06-25T16:07:21.834291 #20973] ERROR -- : retrying in 0.5 seconds (4 tries left)
E, [2013-06-25T16:07:22.335562 #20973] ERROR -- : adding listener failed addr=0.0.0.0:8080 (in use)
E, [2013-06-25T16:07:22.335661 #20973] ERROR -- : retrying in 0.5 seconds (3 tries left)
E, [2013-06-25T16:07:22.837000 #20973] ERROR -- : adding listener failed addr=0.0.0.0:8080 (in use)
E, [2013-06-25T16:07:22.837101 #20973] ERROR -- : retrying in 0.5 seconds (2 tries left)
E, [2013-06-25T16:07:23.338201 #20973] ERROR -- : adding listener failed addr=0.0.0.0:8080 (in use)
E, [2013-06-25T16:07:23.338294 #20973] ERROR -- : retrying in 0.5 seconds (1 tries left)
E, [2013-06-25T16:07:23.839287 #20973] ERROR -- : adding listener failed addr=0.0.0.0:8080 (in use)
E, [2013-06-25T16:07:23.839382 #20973] ERROR -- : retrying in 0.5 seconds (0 tries left)
E, [2013-06-25T16:07:24.339983 #20973] ERROR -- : adding listener failed addr=0.0.0.0:8080 (in use)
/Users/hupengxing/.rvm/gems/ruby-1.9.3-p392/gems/unicorn-4.6.2/lib/unicorn/socket_helper.rb:147:in `initialize': Address already in use - bind(2) (Errno::EADDRINUSE)
	from /Users/hupengxing/.rvm/gems/ruby-1.9.3-p392/gems/unicorn-4.6.2/lib/unicorn/socket_helper.rb:147:in `new'
	from /Users/hupengxing/.rvm/gems/ruby-1.9.3-p392/gems/unicorn-4.6.2/lib/unicorn/socket_helper.rb:147:in `bind_listen'
	from /Users/hupengxing/.rvm/gems/ruby-1.9.3-p392/gems/unicorn-4.6.2/lib/unicorn/http_server.rb:229:in `listen'
	from /Users/hupengxing/.rvm/gems/ruby-1.9.3-p392/gems/unicorn-4.6.2/lib/unicorn/http_server.rb:773:in `block in bind_new_listeners!'
	from /Users/hupengxing/.rvm/gems/ruby-1.9.3-p392/gems/unicorn-4.6.2/lib/unicorn/http_server.rb:773:in `each'
	from /Users/hupengxing/.rvm/gems/ruby-1.9.3-p392/gems/unicorn-4.6.2/lib/unicorn/http_server.rb:773:in `bind_new_listeners!'
	from /Users/hupengxing/.rvm/gems/ruby-1.9.3-p392/gems/unicorn-4.6.2/lib/unicorn/http_server.rb:141:in `start'
	from /Users/hupengxing/.rvm/gems/ruby-1.9.3-p392/gems/unicorn-4.6.2/bin/unicorn_rails:209:in `<top (required)>'
	from /Users/hupengxing/.rvm/gems/ruby-1.9.3-p392/bin/unicorn_rails:23:in `load'
	from /Users/hupengxing/.rvm/gems/ruby-1.9.3-p392/bin/unicorn_rails:23:in `<main>'
I, [2013-06-25T16:07:36.597040 #20980]  INFO -- : Refreshing Gem list
WARNING: Nokogiri was built against LibXML version 2.9.0, but has dynamically loaded 2.7.8
I, [2013-06-25T16:07:39.948376 #20980]  INFO -- : unlinking existing socket=/tmp/unicorn.sock
I, [2013-06-25T16:07:39.948580 #20980]  INFO -- : listening on addr=/tmp/unicorn.sock fd=9
E, [2013-06-25T16:07:39.948832 #20980] ERROR -- : adding listener failed addr=0.0.0.0:8080 (in use)
E, [2013-06-25T16:07:39.948867 #20980] ERROR -- : retrying in 0.5 seconds (4 tries left)
E, [2013-06-25T16:07:40.450135 #20980] ERROR -- : adding listener failed addr=0.0.0.0:8080 (in use)
E, [2013-06-25T16:07:40.450230 #20980] ERROR -- : retrying in 0.5 seconds (3 tries left)
E, [2013-06-25T16:07:40.951544 #20980] ERROR -- : adding listener failed addr=0.0.0.0:8080 (in use)
E, [2013-06-25T16:07:40.951646 #20980] ERROR -- : retrying in 0.5 seconds (2 tries left)
E, [2013-06-25T16:07:41.453032 #20980] ERROR -- : adding listener failed addr=0.0.0.0:8080 (in use)
E, [2013-06-25T16:07:41.453133 #20980] ERROR -- : retrying in 0.5 seconds (1 tries left)
E, [2013-06-25T16:07:41.954415 #20980] ERROR -- : adding listener failed addr=0.0.0.0:8080 (in use)
E, [2013-06-25T16:07:41.954538 #20980] ERROR -- : retrying in 0.5 seconds (0 tries left)
E, [2013-06-25T16:07:42.455778 #20980] ERROR -- : adding listener failed addr=0.0.0.0:8080 (in use)
/Users/hupengxing/.rvm/gems/ruby-1.9.3-p392/gems/unicorn-4.6.2/lib/unicorn/socket_helper.rb:147:in `initialize': Address already in use - bind(2) (Errno::EADDRINUSE)
	from /Users/hupengxing/.rvm/gems/ruby-1.9.3-p392/gems/unicorn-4.6.2/lib/unicorn/socket_helper.rb:147:in `new'
	from /Users/hupengxing/.rvm/gems/ruby-1.9.3-p392/gems/unicorn-4.6.2/lib/unicorn/socket_helper.rb:147:in `bind_listen'
	from /Users/hupengxing/.rvm/gems/ruby-1.9.3-p392/gems/unicorn-4.6.2/lib/unicorn/http_server.rb:229:in `listen'
	from /Users/hupengxing/.rvm/gems/ruby-1.9.3-p392/gems/unicorn-4.6.2/lib/unicorn/http_server.rb:773:in `block in bind_new_listeners!'
	from /Users/hupengxing/.rvm/gems/ruby-1.9.3-p392/gems/unicorn-4.6.2/lib/unicorn/http_server.rb:773:in `each'
	from /Users/hupengxing/.rvm/gems/ruby-1.9.3-p392/gems/unicorn-4.6.2/lib/unicorn/http_server.rb:773:in `bind_new_listeners!'
	from /Users/hupengxing/.rvm/gems/ruby-1.9.3-p392/gems/unicorn-4.6.2/lib/unicorn/http_server.rb:141:in `start'
	from /Users/hupengxing/.rvm/gems/ruby-1.9.3-p392/gems/unicorn-4.6.2/bin/unicorn_rails:209:in `<top (required)>'
	from /Users/hupengxing/.rvm/gems/ruby-1.9.3-p392/bin/unicorn_rails:23:in `load'
	from /Users/hupengxing/.rvm/gems/ruby-1.9.3-p392/bin/unicorn_rails:23:in `<main>'
Exception `Errno::ESRCH' at /Users/hupengxing/.rvm/gems/ruby-1.9.3-p392/gems/unicorn-4.6.2/lib/unicorn/http_server.rb:685 - No such process
I, [2013-06-25T16:11:18.011215 #21021]  INFO -- : Refreshing Gem list
Exception `LoadError' at /Users/hupengxing/.rvm/rubies/ruby-1.9.3-p392/lib/ruby/1.9.1/rubygems/custom_require.rb:36 - cannot load such file -- bundler
Exception `Gem::LoadError' at /Users/hupengxing/.rvm/rubies/ruby-1.9.3-p392/lib/ruby/1.9.1/rubygems/dependency.rb:247 - Could not find psych (>= 0) amongst [actionmailer-3.2.13, actionmailer-3.2.12, actionmailer-3.2.11, actionmailer-3.2.9, actionmailer-3.2.7, actionmailer-3.1.3, actionpack-3.2.13, actionpack-3.2.12, actionpack-3.2.11, actionpack-3.2.9, actionpack-3.2.7, actionpack-3.1.3, active_utils-1.0.5, activemerchant-1.32.1, activemerchant-1.31.1, activemerchant-1.20.0, activemodel-3.2.13, activemodel-3.2.12, activemodel-3.2.11, activemodel-3.2.9, activemodel-3.2.7, activemodel-3.1.3, activerecord-3.2.13, activerecord-3.2.12, activerecord-3.2.11, activerecord-3.2.9, activerecord-3.2.7, activerecord-3.1.3, activerecord-postgresql-adapter-0.0.1, activeresource-3.2.13, activeresource-3.2.12, activeresource-3.2.11, activeresource-3.2.9, activeresource-3.2.7, activeresource-3.1.3, activesupport-3.2.13, activesupport-3.2.12, activesupport-3.2.11, activesupport-3.2.9, activesupport-3.2.7, activesupport-3.1.3, Exception `NameError' at /Users/hupengxing/.rvm/rubies/ruby-1.9.3-p392/lib/ruby/1.9.1/psych/core_ext.rb:16 - method `to_yaml' not defined in Object
Exception `NameError' at /Users/hupengxing/.rvm/rubies/ruby-1.9.3-p392/lib/ruby/1.9.1/psych/core_ext.rb:29 - method `yaml_as' not defined in Module
Exception `NameError' at /Users/hupengxing/.rvm/rubies/ruby-1.9.3-p392/lib/ruby/1.9.1/psych/deprecated.rb:79 - undefined method `to_yaml_properties' for class `Object'
Exception `Gem::LoadError' at /Users/hupengxing/.rvm/rubies/ruby-1.9.3-p392/lib/ruby/1.9.1/rubygems/dependency.rb:247 - Could not find psych (>= 1.2.1, ~> 1.2) amongst [actionmailer-3.2.13, actionmailer-3.2.12, actionmailer-3.2.11, actionmailer-3.2.9, actionmailer-3.2.7, actionmailer-3.1.3, actionpack-3.2.13, actionpack-3.2.12, actionpack-3.2.11, actionpack-3.2.9, actionpack-3.2.7, actionpack-3.1.3, active_utils-1.0.5, activemerchant-1.32.1, activemerchant-1.31.1, activemerchant-1.20.0, activemodel-3.2.13, activemodel-3.2.12, activemodel-3.2.11, activemodel-3.2.9, activemodel-3.2.7, activemodel-3.1.3, activerecord-3.2.13, activerecord-3.2.12, activerecord-3.2.11, activerecord-3.2.9, activerecord-3.2.7, activerecord-3.1.3, activerecord-postgresql-adapter-0.0.1, activeresource-3.2.13, activeresource-3.2.12, activeresource-3.2.11, activeresource-3.2.9, activeresource-3.2.7, activeresource-3.1.3, activesupport-3.2.13, activesupport-3.2.12, activesupport-3.2.11, activesupport-3.2.9, activesupport-3.2.7, activesupException `NameError' at /Users/hupengxing/.rvm/rubies/ruby-1.9.3-p392/lib/ruby/1.9.1/rubygems/syck_hack.rb:20 - constant Psych::Syck not defined
Exception `NameError' at /Users/hupengxing/.rvm/rubies/ruby-1.9.3-p392/lib/ruby/1.9.1/rubygems/syck_hack.rb:42 - method `to_s' not defined in Syck::DefaultKey
Exception `TypeError' at /Users/hupengxing/.rvm/gems/ruby-1.9.3-p392/gems/activesupport-3.2.13/lib/active_support/core_ext/object/duplicable.rb:111 - can't copy BigDecimal
Type application/vnd.ms-fontobject already registered as a variant of application/vnd.ms-fontobject.
Type application/vnd.ms-word.document.macroEnabled.12 already registered as a variant of application/vnd.ms-word.document.macroenabled.12.
Type application/vnd.ms-word.template.macroEnabled.12 already registered as a variant of application/vnd.ms-word.template.macroenabled.12.
Type multipart/x-parallel already registered as a variant of multipart/parallel.
Type text/plain already registered as a variant of text/plain.
Type video/vnd.dlna.mpeg-tts already registered as a variant of video/vnd.dlna.mpeg-tts.
Exception `LoadError' at /Users/hupengxing/.rvm/gems/ruby-1.9.3-p392/gems/cocaine-0.5.1/lib/cocaine/command_line.rb:20 - cannot load such file -- posix/spawn
Exception `LoadError' at /Users/hupengxing/.rvm/gems/ruby-1.9.3-p392/gems/redis-3.0.3/lib/redis/hash_ring.rb:71 - cannot load such file -- inline
WARNING: Nokogiri was built against LibXML version 2.9.0, but has dynamically loaded 2.7.8
Exception `NameError' at /Users/hupengxing/.rvm/gems/ruby-1.9.3-p392/gems/activesupport-3.2.13/lib/active_support/core_ext/module/remove_method.rb:4 - method `expansions' not defined in Class
Exception `NameError' at /Users/hupengxing/.rvm/gems/ruby-1.9.3-p392/gems/activesupport-3.2.13/lib/active_support/core_ext/module/remove_method.rb:4 - method `expansions' not defined in Class
Exception `TypeError' at /Users/hupengxing/.rvm/gems/ruby-1.9.3-p392/gems/safe_yaml-0.9.0/lib/safe_yaml/deep.rb:18 - can't dup NilClass
Exception `TypeError' at /Users/hupengxing/.rvm/gems/ruby-1.9.3-p392/gems/safe_yaml-0.9.0/lib/safe_yaml/deep.rb:18 - can't dup FalseClass
Exception `TypeError' at /Users/hupengxing/.rvm/gems/ruby-1.9.3-p392/gems/safe_yaml-0.9.0/lib/safe_yaml/deep.rb:18 - can't dup FalseClass
Exception `TypeError' at /Users/hupengxing/.rvm/gems/ruby-1.9.3-p392/gems/safe_yaml-0.9.0/lib/safe_yaml/deep.rb:18 - can't dup FalseClass
Exception `NameError' at /Users/hupengxing/.rvm/gems/ruby-1.9.3-p392/gems/activesupport-3.2.13/lib/active_support/core_ext/module/remove_method.rb:4 - method `valid_options' not defined in Class
Exception `NameError' at /Users/hupengxing/.rvm/gems/ruby-1.9.3-p392/gems/activesupport-3.2.13/lib/active_support/core_ext/module/remove_method.rb:4 - method `macro' not defined in Class
Exception `NameError' at /Users/hupengxing/.rvm/gems/ruby-1.9.3-p392/gems/activesupport-3.2.13/lib/active_support/core_ext/module/remove_method.rb:4 - method `valid_options' not defined in Class
Exception `NameError' at /Users/hupengxing/.rvm/gems/ruby-1.9.3-p392/gems/activesupport-3.2.13/lib/active_support/core_ext/module/remove_method.rb:4 - method `valid_options' not defined in Class
Exception `NameError' at /Users/hupengxing/.rvm/gems/ruby-1.9.3-p392/gems/activesupport-3.2.13/lib/active_support/core_ext/module/remove_method.rb:4 - method `macro' not defined in Class
Exception `NameError' at /Users/hupengxing/.rvm/gems/ruby-1.9.3-p392/gems/activesupport-3.2.13/lib/active_support/core_ext/module/remove_method.rb:4 - method `valid_options' not defined in Class
Exception `NameError' at /Users/hupengxing/.rvm/gems/ruby-1.9.3-p392/gems/activesupport-3.2.13/lib/active_support/core_ext/module/remove_method.rb:4 - method `macro' not defined in Class
Exception `NameError' at /Users/hupengxing/.rvm/gems/ruby-1.9.3-p392/gems/activesupport-3.2.13/lib/active_support/core_ext/module/remove_method.rb:4 - method `valid_options' not defined in Class
Exception `NameError' at /Users/hupengxing/.rvm/gems/ruby-1.9.3-p392/gems/activesupport-3.2.13/lib/active_support/core_ext/module/remove_method.rb:4 - method `macro' not defined in Class
Exception `NameError' at /Users/hupengxing/.rvm/gems/ruby-1.9.3-p392/gems/activesupport-3.2.13/lib/active_support/core_ext/module/remove_method.rb:4 - method `valid_options' not defined in Class
Using Ext extension for JSON.
Exception `NameError' at /Users/hupengxing/.rvm/gems/ruby-1.9.3-p392/gems/activesupport-3.2.13/lib/active_support/core_ext/module/remove_method.rb:4 - method `_layout_conditions' not defined in ActionMailer::Base
Exception `NameError' at /Users/hupengxing/.rvm/gems/ruby-1.9.3-p392/gems/activesupport-3.2.13/lib/active_support/core_ext/module/remove_method.rb:4 - method `_layout' not defined in ActionMailer::Base
Exception `LoadError' at /Users/hupengxing/.rvm/gems/ruby-1.9.3-p392/gems/activesupport-3.2.13/lib/active_support/dependencies.rb:251 - cannot load such file -- fast_xs
Exception `LoadError' at /Users/hupengxing/.rvm/gems/ruby-1.9.3-p392/gems/activesupport-3.2.13/lib/active_support/dependencies.rb:240 - cannot load such file -- fast_xs
Exception `LoadError' at /Users/hupengxing/.rvm/gems/ruby-1.9.3-p392/gems/activesupport-3.2.13/lib/active_support/dependencies.rb:251 - cannot load such file -- data_mapper
Exception `LoadError' at /Users/hupengxing/.rvm/gems/ruby-1.9.3-p392/gems/activesupport-3.2.13/lib/active_support/dependencies.rb:240 - cannot load such file -- data_mapper
Exception `LoadError' at /Users/hupengxing/.rvm/gems/ruby-1.9.3-p392/gems/activesupport-3.2.13/lib/active_support/dependencies.rb:251 - cannot load such file -- mongoid
Exception `LoadError' at /Users/hupengxing/.rvm/gems/ruby-1.9.3-p392/gems/activesupport-3.2.13/lib/active_support/dependencies.rb:240 - cannot load such file -- mongoid
Exception `NameError' at /Users/hupengxing/.rvm/gems/ruby-1.9.3-p392/gems/activesupport-3.2.13/lib/active_support/core_ext/module/remove_method.rb:4 - method `middleware_stack' not defined in Class
Exception `NameError' at /Users/hupengxing/.rvm/gems/ruby-1.9.3-p392/gems/activesupport-3.2.13/lib/active_support/core_ext/module/remove_method.rb:4 - method `_routes' not defined in Class
Exception `LoadError' at /Users/hupengxing/.rvm/gems/ruby-1.9.3-p392/gems/activesupport-3.2.13/lib/active_support/dependencies.rb:251 - cannot load such file -- haml/filters/maruku
Exception `LoadError' at /Users/hupengxing/.rvm/gems/ruby-1.9.3-p392/gems/activesupport-3.2.13/lib/active_support/dependencies.rb:240 - cannot load such file -- haml/filters/maruku
Exception `LoadError' at /Users/hupengxing/.rvm/gems/ruby-1.9.3-p392/gems/activesupport-3.2.13/lib/active_support/dependencies.rb:251 - cannot load such file -- simple_form
Exception `LoadError' at /Users/hupengxing/.rvm/gems/ruby-1.9.3-p392/gems/activesupport-3.2.13/lib/active_support/dependencies.rb:240 - cannot load such file -- simple_form
Exception `LoadError' at /Users/hupengxing/.rvm/gems/ruby-1.9.3-p392/gems/activesupport-3.2.13/lib/active_support/dependencies.rb:251 - cannot load such file -- formtastic
Exception `LoadError' at /Users/hupengxing/.rvm/gems/ruby-1.9.3-p392/gems/activesupport-3.2.13/lib/active_support/dependencies.rb:240 - cannot load such file -- formtastic
Exception `LoadError' at /Users/hupengxing/.rvm/gems/ruby-1.9.3-p392/gems/activesupport-3.2.13/lib/active_support/dependencies.rb:251 - cannot load such file -- formtastic-bootstrap
Exception `LoadError' at /Users/hupengxing/.rvm/gems/ruby-1.9.3-p392/gems/activesupport-3.2.13/lib/active_support/dependencies.rb:240 - cannot load such file -- formtastic-bootstrap
Exception `NameError' at /Users/hupengxing/.rvm/gems/ruby-1.9.3-p392/gems/activesupport-3.2.13/lib/active_support/core_ext/module/remove_method.rb:4 - method `middleware_stack' not defined in Class
Exception `NameError' at /Users/hupengxing/.rvm/gems/ruby-1.9.3-p392/gems/activesupport-3.2.13/lib/active_support/core_ext/module/remove_method.rb:4 - method `_layout_conditions' not defined in ActionController::Base
Exception `NameError' at /Users/hupengxing/.rvm/gems/ruby-1.9.3-p392/gems/activesupport-3.2.13/lib/active_support/core_ext/module/remove_method.rb:4 - method `_layout' not defined in ActionController::Base
Exception `NameError' at /Users/hupengxing/.rvm/gems/ruby-1.9.3-p392/gems/activesupport-3.2.13/lib/active_support/core_ext/module/remove_method.rb:4 - method `_validators' not defined in Class
Exception `NameError' at /Users/hupengxing/.rvm/gems/ruby-1.9.3-p392/gems/activesupport-3.2.13/lib/active_support/core_ext/module/remove_method.rb:4 - method `_validation_callbacks' not defined in Class
Exception `NameError' at /Users/hupengxing/.rvm/gems/ruby-1.9.3-p392/gems/activesupport-3.2.13/lib/active_support/core_ext/module/remove_method.rb:4 - method `_validate_callbacks' not defined in Class
Exception `NameError' at /Users/hupengxing/.rvm/gems/ruby-1.9.3-p392/gems/activesupport-3.2.13/lib/active_support/core_ext/module/remove_method.rb:4 - method `_accessible_attributes' not defined in Class
Exception `NameError' at /Users/hupengxing/.rvm/gems/ruby-1.9.3-p392/gems/activesupport-3.2.13/lib/active_support/core_ext/module/remove_method.rb:4 - method `_active_authorizer' not defined in Class
Exception `Errno::ECONNREFUSED' at /Users/hupengxing/.rvm/gems/ruby-1.9.3-p392/gems/unicorn-4.6.2/lib/unicorn/socket_helper.rb:126 - Connection refused - "/tmp/unicorn.sock"
I, [2013-06-25T16:11:21.461168 #21021]  INFO -- : unlinking existing socket=/tmp/unicorn.sock
I, [2013-06-25T16:11:21.461399 #21021]  INFO -- : listening on addr=/tmp/unicorn.sock fd=9
Exception `Errno::EADDRINUSE' at /Users/hupengxing/.rvm/gems/ruby-1.9.3-p392/gems/unicorn-4.6.2/lib/unicorn/socket_helper.rb:147 - Address already in use - bind(2)
E, [2013-06-25T16:11:21.461672 #21021] ERROR -- : adding listener failed addr=0.0.0.0:8080 (in use)
E, [2013-06-25T16:11:21.461705 #21021] ERROR -- : retrying in 0.5 seconds (4 tries left)
Exception `Errno::EADDRINUSE' at /Users/hupengxing/.rvm/gems/ruby-1.9.3-p392/gems/unicorn-4.6.2/lib/unicorn/socket_helper.rb:147 - Address already in use - bind(2)
E, [2013-06-25T16:11:21.963019 #21021] ERROR -- : adding listener failed addr=0.0.0.0:8080 (in use)
E, [2013-06-25T16:11:21.963096 #21021] ERROR -- : retrying in 0.5 seconds (3 tries left)
Exception `Errno::EADDRINUSE' at /Users/hupengxing/.rvm/gems/ruby-1.9.3-p392/gems/unicorn-4.6.2/lib/unicorn/socket_helper.rb:147 - Address already in use - bind(2)
E, [2013-06-25T16:11:22.464449 #21021] ERROR -- : adding listener failed addr=0.0.0.0:8080 (in use)
E, [2013-06-25T16:11:22.464535 #21021] ERROR -- : retrying in 0.5 seconds (2 tries left)
Exception `Errno::EADDRINUSE' at /Users/hupengxing/.rvm/gems/ruby-1.9.3-p392/gems/unicorn-4.6.2/lib/unicorn/socket_helper.rb:147 - Address already in use - bind(2)
E, [2013-06-25T16:11:22.965906 #21021] ERROR -- : adding listener failed addr=0.0.0.0:8080 (in use)
E, [2013-06-25T16:11:22.965994 #21021] ERROR -- : retrying in 0.5 seconds (1 tries left)
Exception `Errno::EADDRINUSE' at /Users/hupengxing/.rvm/gems/ruby-1.9.3-p392/gems/unicorn-4.6.2/lib/unicorn/socket_helper.rb:147 - Address already in use - bind(2)
E, [2013-06-25T16:11:23.467324 #21021] ERROR -- : adding listener failed addr=0.0.0.0:8080 (in use)
E, [2013-06-25T16:11:23.467412 #21021] ERROR -- : retrying in 0.5 seconds (0 tries left)
Exception `Errno::EADDRINUSE' at /Users/hupengxing/.rvm/gems/ruby-1.9.3-p392/gems/unicorn-4.6.2/lib/unicorn/socket_helper.rb:147 - Address already in use - bind(2)
E, [2013-06-25T16:11:23.968747 #21021] ERROR -- : adding listener failed addr=0.0.0.0:8080 (in use)
Exception `Errno::EADDRINUSE' at /Users/hupengxing/.rvm/gems/ruby-1.9.3-p392/gems/unicorn-4.6.2/lib/unicorn/http_server.rb:239 - Address already in use - bind(2)
/Users/hupengxing/.rvm/gems/ruby-1.9.3-p392/gems/unicorn-4.6.2/lib/unicorn/socket_helper.rb:147:in `initialize': Address already in use - bind(2) (Errno::EADDRINUSE)
	from /Users/hupengxing/.rvm/gems/ruby-1.9.3-p392/gems/unicorn-4.6.2/lib/unicorn/socket_helper.rb:147:in `new'
	from /Users/hupengxing/.rvm/gems/ruby-1.9.3-p392/gems/unicorn-4.6.2/lib/unicorn/socket_helper.rb:147:in `bind_listen'
	from /Users/hupengxing/.rvm/gems/ruby-1.9.3-p392/gems/unicorn-4.6.2/lib/unicorn/http_server.rb:229:in `listen'
	from /Users/hupengxing/.rvm/gems/ruby-1.9.3-p392/gems/unicorn-4.6.2/lib/unicorn/http_server.rb:773:in `block in bind_new_listeners!'
	from /Users/hupengxing/.rvm/gems/ruby-1.9.3-p392/gems/unicorn-4.6.2/lib/unicorn/http_server.rb:773:in `each'
	from /Users/hupengxing/.rvm/gems/ruby-1.9.3-p392/gems/unicorn-4.6.2/lib/unicorn/http_server.rb:773:in `bind_new_listeners!'
	from /Users/hupengxing/.rvm/gems/ruby-1.9.3-p392/gems/unicorn-4.6.2/lib/unicorn/http_server.rb:141:in `start'
	from /Users/hupengxing/.rvm/gems/ruby-1.9.3-p392/gems/unicorn-4.6.2/bin/unicorn_rails:209:in `<top (required)>'
	from /Users/hupengxing/.rvm/gems/ruby-1.9.3-p392/bin/unicorn_rails:23:in `load'
	from /Users/hupengxing/.rvm/gems/ruby-1.9.3-p392/bin/unicorn_rails:23:in `<main>'
Exception `Errno::ENOENT' at /Users/hupengxing/.rvm/gems/ruby-1.9.3-p392/gems/unicorn-4.6.2/lib/unicorn/http_server.rb:683 - No such file or directory - /Users/hupengxing/works/myblog/shared/pids/unicorn.pid
I, [2013-06-25T16:14:29.806608 #21170]  INFO -- : Refreshing Gem list
Exception `LoadError' at /Users/hupengxing/.rvm/rubies/ruby-1.9.3-p392/lib/ruby/1.9.1/rubygems/custom_require.rb:36 - cannot load such file -- bundler
Exception `Gem::LoadError' at /Users/hupengxing/.rvm/rubies/ruby-1.9.3-p392/lib/ruby/1.9.1/rubygems/dependency.rb:247 - Could not find psych (>= 0) amongst [actionmailer-3.2.13, actionmailer-3.2.12, actionmailer-3.2.11, actionmailer-3.2.9, actionmailer-3.2.7, actionmailer-3.1.3, actionpack-3.2.13, actionpack-3.2.12, actionpack-3.2.11, actionpack-3.2.9, actionpack-3.2.7, actionpack-3.1.3, active_utils-1.0.5, activemerchant-1.32.1, activemerchant-1.31.1, activemerchant-1.20.0, activemodel-3.2.13, activemodel-3.2.12, activemodel-3.2.11, activemodel-3.2.9, activemodel-3.2.7, activemodel-3.1.3, activerecord-3.2.13, activerecord-3.2.12, activerecord-3.2.11, activerecord-3.2.9, activerecord-3.2.7, activerecord-3.1.3, activerecord-postgresql-adapter-0.0.1, activeresource-3.2.13, activeresource-3.2.12, activeresource-3.2.11, activeresource-3.2.9, activeresource-3.2.7, activeresource-3.1.3, activesupport-3.2.13, activesupport-3.2.12, activesupport-3.2.11, activesupport-3.2.9, activesupport-3.2.7, activesupport-3.1.3, Exception `NameError' at /Users/hupengxing/.rvm/rubies/ruby-1.9.3-p392/lib/ruby/1.9.1/psych/core_ext.rb:16 - method `to_yaml' not defined in Object
Exception `NameError' at /Users/hupengxing/.rvm/rubies/ruby-1.9.3-p392/lib/ruby/1.9.1/psych/core_ext.rb:29 - method `yaml_as' not defined in Module
Exception `NameError' at /Users/hupengxing/.rvm/rubies/ruby-1.9.3-p392/lib/ruby/1.9.1/psych/deprecated.rb:79 - undefined method `to_yaml_properties' for class `Object'
Exception `Gem::LoadError' at /Users/hupengxing/.rvm/rubies/ruby-1.9.3-p392/lib/ruby/1.9.1/rubygems/dependency.rb:247 - Could not find psych (>= 1.2.1, ~> 1.2) amongst [actionmailer-3.2.13, actionmailer-3.2.12, actionmailer-3.2.11, actionmailer-3.2.9, actionmailer-3.2.7, actionmailer-3.1.3, actionpack-3.2.13, actionpack-3.2.12, actionpack-3.2.11, actionpack-3.2.9, actionpack-3.2.7, actionpack-3.1.3, active_utils-1.0.5, activemerchant-1.32.1, activemerchant-1.31.1, activemerchant-1.20.0, activemodel-3.2.13, activemodel-3.2.12, activemodel-3.2.11, activemodel-3.2.9, activemodel-3.2.7, activemodel-3.1.3, activerecord-3.2.13, activerecord-3.2.12, activerecord-3.2.11, activerecord-3.2.9, activerecord-3.2.7, activerecord-3.1.3, activerecord-postgresql-adapter-0.0.1, activeresource-3.2.13, activeresource-3.2.12, activeresource-3.2.11, activeresource-3.2.9, activeresource-3.2.7, activeresource-3.1.3, activesupport-3.2.13, activesupport-3.2.12, activesupport-3.2.11, activesupport-3.2.9, activesupport-3.2.7, activesupException `NameError' at /Users/hupengxing/.rvm/rubies/ruby-1.9.3-p392/lib/ruby/1.9.1/rubygems/syck_hack.rb:20 - constant Psych::Syck not defined
Exception `NameError' at /Users/hupengxing/.rvm/rubies/ruby-1.9.3-p392/lib/ruby/1.9.1/rubygems/syck_hack.rb:42 - method `to_s' not defined in Syck::DefaultKey
Exception `TypeError' at /Users/hupengxing/.rvm/gems/ruby-1.9.3-p392/gems/activesupport-3.2.13/lib/active_support/core_ext/object/duplicable.rb:111 - can't copy BigDecimal
Type application/vnd.ms-fontobject already registered as a variant of application/vnd.ms-fontobject.
Type application/vnd.ms-word.document.macroEnabled.12 already registered as a variant of application/vnd.ms-word.document.macroenabled.12.
Type application/vnd.ms-word.template.macroEnabled.12 already registered as a variant of application/vnd.ms-word.template.macroenabled.12.
Type multipart/x-parallel already registered as a variant of multipart/parallel.
Type text/plain already registered as a variant of text/plain.
Type video/vnd.dlna.mpeg-tts already registered as a variant of video/vnd.dlna.mpeg-tts.
Exception `LoadError' at /Users/hupengxing/.rvm/gems/ruby-1.9.3-p392/gems/cocaine-0.5.1/lib/cocaine/command_line.rb:20 - cannot load such file -- posix/spawn
Exception `LoadError' at /Users/hupengxing/.rvm/gems/ruby-1.9.3-p392/gems/redis-3.0.3/lib/redis/hash_ring.rb:71 - cannot load such file -- inline
WARNING: Nokogiri was built against LibXML version 2.9.0, but has dynamically loaded 2.7.8
Exception `NameError' at /Users/hupengxing/.rvm/gems/ruby-1.9.3-p392/gems/activesupport-3.2.13/lib/active_support/core_ext/module/remove_method.rb:4 - method `expansions' not defined in Class
Exception `NameError' at /Users/hupengxing/.rvm/gems/ruby-1.9.3-p392/gems/activesupport-3.2.13/lib/active_support/core_ext/module/remove_method.rb:4 - method `expansions' not defined in Class
Exception `TypeError' at /Users/hupengxing/.rvm/gems/ruby-1.9.3-p392/gems/safe_yaml-0.9.0/lib/safe_yaml/deep.rb:18 - can't dup NilClass
Exception `TypeError' at /Users/hupengxing/.rvm/gems/ruby-1.9.3-p392/gems/safe_yaml-0.9.0/lib/safe_yaml/deep.rb:18 - can't dup FalseClass
Exception `TypeError' at /Users/hupengxing/.rvm/gems/ruby-1.9.3-p392/gems/safe_yaml-0.9.0/lib/safe_yaml/deep.rb:18 - can't dup FalseClass
Exception `TypeError' at /Users/hupengxing/.rvm/gems/ruby-1.9.3-p392/gems/safe_yaml-0.9.0/lib/safe_yaml/deep.rb:18 - can't dup FalseClass
Exception `NameError' at /Users/hupengxing/.rvm/gems/ruby-1.9.3-p392/gems/activesupport-3.2.13/lib/active_support/core_ext/module/remove_method.rb:4 - method `valid_options' not defined in Class
Exception `NameError' at /Users/hupengxing/.rvm/gems/ruby-1.9.3-p392/gems/activesupport-3.2.13/lib/active_support/core_ext/module/remove_method.rb:4 - method `macro' not defined in Class
Exception `NameError' at /Users/hupengxing/.rvm/gems/ruby-1.9.3-p392/gems/activesupport-3.2.13/lib/active_support/core_ext/module/remove_method.rb:4 - method `valid_options' not defined in Class
Exception `NameError' at /Users/hupengxing/.rvm/gems/ruby-1.9.3-p392/gems/activesupport-3.2.13/lib/active_support/core_ext/module/remove_method.rb:4 - method `valid_options' not defined in Class
Exception `NameError' at /Users/hupengxing/.rvm/gems/ruby-1.9.3-p392/gems/activesupport-3.2.13/lib/active_support/core_ext/module/remove_method.rb:4 - method `macro' not defined in Class
Exception `NameError' at /Users/hupengxing/.rvm/gems/ruby-1.9.3-p392/gems/activesupport-3.2.13/lib/active_support/core_ext/module/remove_method.rb:4 - method `valid_options' not defined in Class
Exception `NameError' at /Users/hupengxing/.rvm/gems/ruby-1.9.3-p392/gems/activesupport-3.2.13/lib/active_support/core_ext/module/remove_method.rb:4 - method `macro' not defined in Class
Exception `NameError' at /Users/hupengxing/.rvm/gems/ruby-1.9.3-p392/gems/activesupport-3.2.13/lib/active_support/core_ext/module/remove_method.rb:4 - method `valid_options' not defined in Class
Exception `NameError' at /Users/hupengxing/.rvm/gems/ruby-1.9.3-p392/gems/activesupport-3.2.13/lib/active_support/core_ext/module/remove_method.rb:4 - method `macro' not defined in Class
Exception `NameError' at /Users/hupengxing/.rvm/gems/ruby-1.9.3-p392/gems/activesupport-3.2.13/lib/active_support/core_ext/module/remove_method.rb:4 - method `valid_options' not defined in Class
Using Ext extension for JSON.
Exception `NameError' at /Users/hupengxing/.rvm/gems/ruby-1.9.3-p392/gems/activesupport-3.2.13/lib/active_support/core_ext/module/remove_method.rb:4 - method `_layout_conditions' not defined in ActionMailer::Base
Exception `NameError' at /Users/hupengxing/.rvm/gems/ruby-1.9.3-p392/gems/activesupport-3.2.13/lib/active_support/core_ext/module/remove_method.rb:4 - method `_layout' not defined in ActionMailer::Base
Exception `LoadError' at /Users/hupengxing/.rvm/gems/ruby-1.9.3-p392/gems/activesupport-3.2.13/lib/active_support/dependencies.rb:251 - cannot load such file -- fast_xs
Exception `LoadError' at /Users/hupengxing/.rvm/gems/ruby-1.9.3-p392/gems/activesupport-3.2.13/lib/active_support/dependencies.rb:240 - cannot load such file -- fast_xs
Exception `LoadError' at /Users/hupengxing/.rvm/gems/ruby-1.9.3-p392/gems/activesupport-3.2.13/lib/active_support/dependencies.rb:251 - cannot load such file -- data_mapper
Exception `LoadError' at /Users/hupengxing/.rvm/gems/ruby-1.9.3-p392/gems/activesupport-3.2.13/lib/active_support/dependencies.rb:240 - cannot load such file -- data_mapper
Exception `LoadError' at /Users/hupengxing/.rvm/gems/ruby-1.9.3-p392/gems/activesupport-3.2.13/lib/active_support/dependencies.rb:251 - cannot load such file -- mongoid
Exception `LoadError' at /Users/hupengxing/.rvm/gems/ruby-1.9.3-p392/gems/activesupport-3.2.13/lib/active_support/dependencies.rb:240 - cannot load such file -- mongoid
Exception `NameError' at /Users/hupengxing/.rvm/gems/ruby-1.9.3-p392/gems/activesupport-3.2.13/lib/active_support/core_ext/module/remove_method.rb:4 - method `middleware_stack' not defined in Class
Exception `NameError' at /Users/hupengxing/.rvm/gems/ruby-1.9.3-p392/gems/activesupport-3.2.13/lib/active_support/core_ext/module/remove_method.rb:4 - method `_routes' not defined in Class
Exception `LoadError' at /Users/hupengxing/.rvm/gems/ruby-1.9.3-p392/gems/activesupport-3.2.13/lib/active_support/dependencies.rb:251 - cannot load such file -- haml/filters/maruku
Exception `LoadError' at /Users/hupengxing/.rvm/gems/ruby-1.9.3-p392/gems/activesupport-3.2.13/lib/active_support/dependencies.rb:240 - cannot load such file -- haml/filters/maruku
Exception `LoadError' at /Users/hupengxing/.rvm/gems/ruby-1.9.3-p392/gems/activesupport-3.2.13/lib/active_support/dependencies.rb:251 - cannot load such file -- simple_form
Exception `LoadError' at /Users/hupengxing/.rvm/gems/ruby-1.9.3-p392/gems/activesupport-3.2.13/lib/active_support/dependencies.rb:240 - cannot load such file -- simple_form
Exception `LoadError' at /Users/hupengxing/.rvm/gems/ruby-1.9.3-p392/gems/activesupport-3.2.13/lib/active_support/dependencies.rb:251 - cannot load such file -- formtastic
Exception `LoadError' at /Users/hupengxing/.rvm/gems/ruby-1.9.3-p392/gems/activesupport-3.2.13/lib/active_support/dependencies.rb:240 - cannot load such file -- formtastic
Exception `LoadError' at /Users/hupengxing/.rvm/gems/ruby-1.9.3-p392/gems/activesupport-3.2.13/lib/active_support/dependencies.rb:251 - cannot load such file -- formtastic-bootstrap
Exception `LoadError' at /Users/hupengxing/.rvm/gems/ruby-1.9.3-p392/gems/activesupport-3.2.13/lib/active_support/dependencies.rb:240 - cannot load such file -- formtastic-bootstrap
Exception `NameError' at /Users/hupengxing/.rvm/gems/ruby-1.9.3-p392/gems/activesupport-3.2.13/lib/active_support/core_ext/module/remove_method.rb:4 - method `middleware_stack' not defined in Class
Exception `NameError' at /Users/hupengxing/.rvm/gems/ruby-1.9.3-p392/gems/activesupport-3.2.13/lib/active_support/core_ext/module/remove_method.rb:4 - method `_layout_conditions' not defined in ActionController::Base
Exception `NameError' at /Users/hupengxing/.rvm/gems/ruby-1.9.3-p392/gems/activesupport-3.2.13/lib/active_support/core_ext/module/remove_method.rb:4 - method `_layout' not defined in ActionController::Base
Exception `NameError' at /Users/hupengxing/.rvm/gems/ruby-1.9.3-p392/gems/activesupport-3.2.13/lib/active_support/core_ext/module/remove_method.rb:4 - method `_validators' not defined in Class
Exception `NameError' at /Users/hupengxing/.rvm/gems/ruby-1.9.3-p392/gems/activesupport-3.2.13/lib/active_support/core_ext/module/remove_method.rb:4 - method `_validation_callbacks' not defined in Class
Exception `NameError' at /Users/hupengxing/.rvm/gems/ruby-1.9.3-p392/gems/activesupport-3.2.13/lib/active_support/core_ext/module/remove_method.rb:4 - method `_validate_callbacks' not defined in Class
Exception `NameError' at /Users/hupengxing/.rvm/gems/ruby-1.9.3-p392/gems/activesupport-3.2.13/lib/active_support/core_ext/module/remove_method.rb:4 - method `_accessible_attributes' not defined in Class
Exception `NameError' at /Users/hupengxing/.rvm/gems/ruby-1.9.3-p392/gems/activesupport-3.2.13/lib/active_support/core_ext/module/remove_method.rb:4 - method `_active_authorizer' not defined in Class
Exception `Errno::ECONNREFUSED' at /Users/hupengxing/.rvm/gems/ruby-1.9.3-p392/gems/unicorn-4.6.2/lib/unicorn/socket_helper.rb:126 - Connection refused - "/tmp/unicorn.sock"
I, [2013-06-25T16:14:33.175367 #21170]  INFO -- : unlinking existing socket=/tmp/unicorn.sock
I, [2013-06-25T16:14:33.175624 #21170]  INFO -- : listening on addr=/tmp/unicorn.sock fd=9
Exception `Errno::EADDRINUSE' at /Users/hupengxing/.rvm/gems/ruby-1.9.3-p392/gems/unicorn-4.6.2/lib/unicorn/socket_helper.rb:147 - Address already in use - bind(2)
E, [2013-06-25T16:14:33.175897 #21170] ERROR -- : adding listener failed addr=0.0.0.0:8080 (in use)
E, [2013-06-25T16:14:33.175931 #21170] ERROR -- : retrying in 0.5 seconds (4 tries left)
Exception `Errno::EADDRINUSE' at /Users/hupengxing/.rvm/gems/ruby-1.9.3-p392/gems/unicorn-4.6.2/lib/unicorn/socket_helper.rb:147 - Address already in use - bind(2)
E, [2013-06-25T16:14:33.677216 #21170] ERROR -- : adding listener failed addr=0.0.0.0:8080 (in use)
E, [2013-06-25T16:14:33.677329 #21170] ERROR -- : retrying in 0.5 seconds (3 tries left)
Exception `Errno::EADDRINUSE' at /Users/hupengxing/.rvm/gems/ruby-1.9.3-p392/gems/unicorn-4.6.2/lib/unicorn/socket_helper.rb:147 - Address already in use - bind(2)
E, [2013-06-25T16:14:34.178782 #21170] ERROR -- : adding listener failed addr=0.0.0.0:8080 (in use)
E, [2013-06-25T16:14:34.178873 #21170] ERROR -- : retrying in 0.5 seconds (2 tries left)
Exception `Errno::EADDRINUSE' at /Users/hupengxing/.rvm/gems/ruby-1.9.3-p392/gems/unicorn-4.6.2/lib/unicorn/socket_helper.rb:147 - Address already in use - bind(2)
E, [2013-06-25T16:14:34.679433 #21170] ERROR -- : adding listener failed addr=0.0.0.0:8080 (in use)
E, [2013-06-25T16:14:34.679513 #21170] ERROR -- : retrying in 0.5 seconds (1 tries left)
Exception `Errno::EADDRINUSE' at /Users/hupengxing/.rvm/gems/ruby-1.9.3-p392/gems/unicorn-4.6.2/lib/unicorn/socket_helper.rb:147 - Address already in use - bind(2)
E, [2013-06-25T16:14:35.180485 #21170] ERROR -- : adding listener failed addr=0.0.0.0:8080 (in use)
E, [2013-06-25T16:14:35.180585 #21170] ERROR -- : retrying in 0.5 seconds (0 tries left)
Exception `Errno::EADDRINUSE' at /Users/hupengxing/.rvm/gems/ruby-1.9.3-p392/gems/unicorn-4.6.2/lib/unicorn/socket_helper.rb:147 - Address already in use - bind(2)
E, [2013-06-25T16:14:35.681530 #21170] ERROR -- : adding listener failed addr=0.0.0.0:8080 (in use)
Exception `Errno::EADDRINUSE' at /Users/hupengxing/.rvm/gems/ruby-1.9.3-p392/gems/unicorn-4.6.2/lib/unicorn/http_server.rb:239 - Address already in use - bind(2)
/Users/hupengxing/.rvm/gems/ruby-1.9.3-p392/gems/unicorn-4.6.2/lib/unicorn/socket_helper.rb:147:in `initialize': Address already in use - bind(2) (Errno::EADDRINUSE)
	from /Users/hupengxing/.rvm/gems/ruby-1.9.3-p392/gems/unicorn-4.6.2/lib/unicorn/socket_helper.rb:147:in `new'
	from /Users/hupengxing/.rvm/gems/ruby-1.9.3-p392/gems/unicorn-4.6.2/lib/unicorn/socket_helper.rb:147:in `bind_listen'
	from /Users/hupengxing/.rvm/gems/ruby-1.9.3-p392/gems/unicorn-4.6.2/lib/unicorn/http_server.rb:229:in `listen'
	from /Users/hupengxing/.rvm/gems/ruby-1.9.3-p392/gems/unicorn-4.6.2/lib/unicorn/http_server.rb:773:in `block in bind_new_listeners!'
	from /Users/hupengxing/.rvm/gems/ruby-1.9.3-p392/gems/unicorn-4.6.2/lib/unicorn/http_server.rb:773:in `each'
	from /Users/hupengxing/.rvm/gems/ruby-1.9.3-p392/gems/unicorn-4.6.2/lib/unicorn/http_server.rb:773:in `bind_new_listeners!'
	from /Users/hupengxing/.rvm/gems/ruby-1.9.3-p392/gems/unicorn-4.6.2/lib/unicorn/http_server.rb:141:in `start'
	from /Users/hupengxing/.rvm/gems/ruby-1.9.3-p392/gems/unicorn-4.6.2/bin/unicorn_rails:209:in `<top (required)>'
	from /Users/hupengxing/.rvm/gems/ruby-1.9.3-p392/bin/unicorn_rails:23:in `load'
	from /Users/hupengxing/.rvm/gems/ruby-1.9.3-p392/bin/unicorn_rails:23:in `<main>'
Exception `Errno::ESRCH' at /Users/hupengxing/.rvm/gems/ruby-1.9.3-p392/gems/unicorn-4.6.2/lib/unicorn/http_server.rb:685 - No such process
I, [2013-06-25T16:15:17.289856 #21179]  INFO -- : Refreshing Gem list
Exception `LoadError' at /Users/hupengxing/.rvm/rubies/ruby-1.9.3-p392/lib/ruby/1.9.1/rubygems/custom_require.rb:36 - cannot load such file -- bundler
Exception `Gem::LoadError' at /Users/hupengxing/.rvm/rubies/ruby-1.9.3-p392/lib/ruby/1.9.1/rubygems/dependency.rb:247 - Could not find psych (>= 0) amongst [actionmailer-3.2.13, actionmailer-3.2.12, actionmailer-3.2.11, actionmailer-3.2.9, actionmailer-3.2.7, actionmailer-3.1.3, actionpack-3.2.13, actionpack-3.2.12, actionpack-3.2.11, actionpack-3.2.9, actionpack-3.2.7, actionpack-3.1.3, active_utils-1.0.5, activemerchant-1.32.1, activemerchant-1.31.1, activemerchant-1.20.0, activemodel-3.2.13, activemodel-3.2.12, activemodel-3.2.11, activemodel-3.2.9, activemodel-3.2.7, activemodel-3.1.3, activerecord-3.2.13, activerecord-3.2.12, activerecord-3.2.11, activerecord-3.2.9, activerecord-3.2.7, activerecord-3.1.3, activerecord-postgresql-adapter-0.0.1, activeresource-3.2.13, activeresource-3.2.12, activeresource-3.2.11, activeresource-3.2.9, activeresource-3.2.7, activeresource-3.1.3, activesupport-3.2.13, activesupport-3.2.12, activesupport-3.2.11, activesupport-3.2.9, activesupport-3.2.7, activesupport-3.1.3, Exception `NameError' at /Users/hupengxing/.rvm/rubies/ruby-1.9.3-p392/lib/ruby/1.9.1/psych/core_ext.rb:16 - method `to_yaml' not defined in Object
Exception `NameError' at /Users/hupengxing/.rvm/rubies/ruby-1.9.3-p392/lib/ruby/1.9.1/psych/core_ext.rb:29 - method `yaml_as' not defined in Module
Exception `NameError' at /Users/hupengxing/.rvm/rubies/ruby-1.9.3-p392/lib/ruby/1.9.1/psych/deprecated.rb:79 - undefined method `to_yaml_properties' for class `Object'
Exception `Gem::LoadError' at /Users/hupengxing/.rvm/rubies/ruby-1.9.3-p392/lib/ruby/1.9.1/rubygems/dependency.rb:247 - Could not find psych (>= 1.2.1, ~> 1.2) amongst [actionmailer-3.2.13, actionmailer-3.2.12, actionmailer-3.2.11, actionmailer-3.2.9, actionmailer-3.2.7, actionmailer-3.1.3, actionpack-3.2.13, actionpack-3.2.12, actionpack-3.2.11, actionpack-3.2.9, actionpack-3.2.7, actionpack-3.1.3, active_utils-1.0.5, activemerchant-1.32.1, activemerchant-1.31.1, activemerchant-1.20.0, activemodel-3.2.13, activemodel-3.2.12, activemodel-3.2.11, activemodel-3.2.9, activemodel-3.2.7, activemodel-3.1.3, activerecord-3.2.13, activerecord-3.2.12, activerecord-3.2.11, activerecord-3.2.9, activerecord-3.2.7, activerecord-3.1.3, activerecord-postgresql-adapter-0.0.1, activeresource-3.2.13, activeresource-3.2.12, activeresource-3.2.11, activeresource-3.2.9, activeresource-3.2.7, activeresource-3.1.3, activesupport-3.2.13, activesupport-3.2.12, activesupport-3.2.11, activesupport-3.2.9, activesupport-3.2.7, activesupException `NameError' at /Users/hupengxing/.rvm/rubies/ruby-1.9.3-p392/lib/ruby/1.9.1/rubygems/syck_hack.rb:20 - constant Psych::Syck not defined
Exception `NameError' at /Users/hupengxing/.rvm/rubies/ruby-1.9.3-p392/lib/ruby/1.9.1/rubygems/syck_hack.rb:42 - method `to_s' not defined in Syck::DefaultKey
Exception `TypeError' at /Users/hupengxing/.rvm/gems/ruby-1.9.3-p392/gems/activesupport-3.2.13/lib/active_support/core_ext/object/duplicable.rb:111 - can't copy BigDecimal
Type application/vnd.ms-fontobject already registered as a variant of application/vnd.ms-fontobject.
Type application/vnd.ms-word.document.macroEnabled.12 already registered as a variant of application/vnd.ms-word.document.macroenabled.12.
Type application/vnd.ms-word.template.macroEnabled.12 already registered as a variant of application/vnd.ms-word.template.macroenabled.12.
Type multipart/x-parallel already registered as a variant of multipart/parallel.
Type text/plain already registered as a variant of text/plain.
Type video/vnd.dlna.mpeg-tts already registered as a variant of video/vnd.dlna.mpeg-tts.
Exception `LoadError' at /Users/hupengxing/.rvm/gems/ruby-1.9.3-p392/gems/cocaine-0.5.1/lib/cocaine/command_line.rb:20 - cannot load such file -- posix/spawn
Exception `LoadError' at /Users/hupengxing/.rvm/gems/ruby-1.9.3-p392/gems/redis-3.0.3/lib/redis/hash_ring.rb:71 - cannot load such file -- inline
WARNING: Nokogiri was built against LibXML version 2.9.0, but has dynamically loaded 2.7.8
Exception `NameError' at /Users/hupengxing/.rvm/gems/ruby-1.9.3-p392/gems/activesupport-3.2.13/lib/active_support/core_ext/module/remove_method.rb:4 - method `expansions' not defined in Class
Exception `NameError' at /Users/hupengxing/.rvm/gems/ruby-1.9.3-p392/gems/activesupport-3.2.13/lib/active_support/core_ext/module/remove_method.rb:4 - method `expansions' not defined in Class
Exception `TypeError' at /Users/hupengxing/.rvm/gems/ruby-1.9.3-p392/gems/safe_yaml-0.9.0/lib/safe_yaml/deep.rb:18 - can't dup NilClass
Exception `TypeError' at /Users/hupengxing/.rvm/gems/ruby-1.9.3-p392/gems/safe_yaml-0.9.0/lib/safe_yaml/deep.rb:18 - can't dup FalseClass
Exception `TypeError' at /Users/hupengxing/.rvm/gems/ruby-1.9.3-p392/gems/safe_yaml-0.9.0/lib/safe_yaml/deep.rb:18 - can't dup FalseClass
Exception `TypeError' at /Users/hupengxing/.rvm/gems/ruby-1.9.3-p392/gems/safe_yaml-0.9.0/lib/safe_yaml/deep.rb:18 - can't dup FalseClass
Exception `NameError' at /Users/hupengxing/.rvm/gems/ruby-1.9.3-p392/gems/activesupport-3.2.13/lib/active_support/core_ext/module/remove_method.rb:4 - method `valid_options' not defined in Class
Exception `NameError' at /Users/hupengxing/.rvm/gems/ruby-1.9.3-p392/gems/activesupport-3.2.13/lib/active_support/core_ext/module/remove_method.rb:4 - method `macro' not defined in Class
Exception `NameError' at /Users/hupengxing/.rvm/gems/ruby-1.9.3-p392/gems/activesupport-3.2.13/lib/active_support/core_ext/module/remove_method.rb:4 - method `valid_options' not defined in Class
Exception `NameError' at /Users/hupengxing/.rvm/gems/ruby-1.9.3-p392/gems/activesupport-3.2.13/lib/active_support/core_ext/module/remove_method.rb:4 - method `valid_options' not defined in Class
Exception `NameError' at /Users/hupengxing/.rvm/gems/ruby-1.9.3-p392/gems/activesupport-3.2.13/lib/active_support/core_ext/module/remove_method.rb:4 - method `macro' not defined in Class
Exception `NameError' at /Users/hupengxing/.rvm/gems/ruby-1.9.3-p392/gems/activesupport-3.2.13/lib/active_support/core_ext/module/remove_method.rb:4 - method `valid_options' not defined in Class
Exception `NameError' at /Users/hupengxing/.rvm/gems/ruby-1.9.3-p392/gems/activesupport-3.2.13/lib/active_support/core_ext/module/remove_method.rb:4 - method `macro' not defined in Class
Exception `NameError' at /Users/hupengxing/.rvm/gems/ruby-1.9.3-p392/gems/activesupport-3.2.13/lib/active_support/core_ext/module/remove_method.rb:4 - method `valid_options' not defined in Class
Exception `NameError' at /Users/hupengxing/.rvm/gems/ruby-1.9.3-p392/gems/activesupport-3.2.13/lib/active_support/core_ext/module/remove_method.rb:4 - method `macro' not defined in Class
Exception `NameError' at /Users/hupengxing/.rvm/gems/ruby-1.9.3-p392/gems/activesupport-3.2.13/lib/active_support/core_ext/module/remove_method.rb:4 - method `valid_options' not defined in Class
Using Ext extension for JSON.
Exception `NameError' at /Users/hupengxing/.rvm/gems/ruby-1.9.3-p392/gems/activesupport-3.2.13/lib/active_support/core_ext/module/remove_method.rb:4 - method `_layout_conditions' not defined in ActionMailer::Base
Exception `NameError' at /Users/hupengxing/.rvm/gems/ruby-1.9.3-p392/gems/activesupport-3.2.13/lib/active_support/core_ext/module/remove_method.rb:4 - method `_layout' not defined in ActionMailer::Base
Exception `LoadError' at /Users/hupengxing/.rvm/gems/ruby-1.9.3-p392/gems/activesupport-3.2.13/lib/active_support/dependencies.rb:251 - cannot load such file -- fast_xs
Exception `LoadError' at /Users/hupengxing/.rvm/gems/ruby-1.9.3-p392/gems/activesupport-3.2.13/lib/active_support/dependencies.rb:240 - cannot load such file -- fast_xs
Exception `LoadError' at /Users/hupengxing/.rvm/gems/ruby-1.9.3-p392/gems/activesupport-3.2.13/lib/active_support/dependencies.rb:251 - cannot load such file -- data_mapper
Exception `LoadError' at /Users/hupengxing/.rvm/gems/ruby-1.9.3-p392/gems/activesupport-3.2.13/lib/active_support/dependencies.rb:240 - cannot load such file -- data_mapper
Exception `LoadError' at /Users/hupengxing/.rvm/gems/ruby-1.9.3-p392/gems/activesupport-3.2.13/lib/active_support/dependencies.rb:251 - cannot load such file -- mongoid
Exception `LoadError' at /Users/hupengxing/.rvm/gems/ruby-1.9.3-p392/gems/activesupport-3.2.13/lib/active_support/dependencies.rb:240 - cannot load such file -- mongoid
Exception `NameError' at /Users/hupengxing/.rvm/gems/ruby-1.9.3-p392/gems/activesupport-3.2.13/lib/active_support/core_ext/module/remove_method.rb:4 - method `middleware_stack' not defined in Class
Exception `NameError' at /Users/hupengxing/.rvm/gems/ruby-1.9.3-p392/gems/activesupport-3.2.13/lib/active_support/core_ext/module/remove_method.rb:4 - method `_routes' not defined in Class
Exception `LoadError' at /Users/hupengxing/.rvm/gems/ruby-1.9.3-p392/gems/activesupport-3.2.13/lib/active_support/dependencies.rb:251 - cannot load such file -- haml/filters/maruku
Exception `LoadError' at /Users/hupengxing/.rvm/gems/ruby-1.9.3-p392/gems/activesupport-3.2.13/lib/active_support/dependencies.rb:240 - cannot load such file -- haml/filters/maruku
Exception `LoadError' at /Users/hupengxing/.rvm/gems/ruby-1.9.3-p392/gems/activesupport-3.2.13/lib/active_support/dependencies.rb:251 - cannot load such file -- simple_form
Exception `LoadError' at /Users/hupengxing/.rvm/gems/ruby-1.9.3-p392/gems/activesupport-3.2.13/lib/active_support/dependencies.rb:240 - cannot load such file -- simple_form
Exception `LoadError' at /Users/hupengxing/.rvm/gems/ruby-1.9.3-p392/gems/activesupport-3.2.13/lib/active_support/dependencies.rb:251 - cannot load such file -- formtastic
Exception `LoadError' at /Users/hupengxing/.rvm/gems/ruby-1.9.3-p392/gems/activesupport-3.2.13/lib/active_support/dependencies.rb:240 - cannot load such file -- formtastic
Exception `LoadError' at /Users/hupengxing/.rvm/gems/ruby-1.9.3-p392/gems/activesupport-3.2.13/lib/active_support/dependencies.rb:251 - cannot load such file -- formtastic-bootstrap
Exception `LoadError' at /Users/hupengxing/.rvm/gems/ruby-1.9.3-p392/gems/activesupport-3.2.13/lib/active_support/dependencies.rb:240 - cannot load such file -- formtastic-bootstrap
Exception `NameError' at /Users/hupengxing/.rvm/gems/ruby-1.9.3-p392/gems/activesupport-3.2.13/lib/active_support/core_ext/module/remove_method.rb:4 - method `middleware_stack' not defined in Class
Exception `NameError' at /Users/hupengxing/.rvm/gems/ruby-1.9.3-p392/gems/activesupport-3.2.13/lib/active_support/core_ext/module/remove_method.rb:4 - method `_layout_conditions' not defined in ActionController::Base
Exception `NameError' at /Users/hupengxing/.rvm/gems/ruby-1.9.3-p392/gems/activesupport-3.2.13/lib/active_support/core_ext/module/remove_method.rb:4 - method `_layout' not defined in ActionController::Base
Exception `NameError' at /Users/hupengxing/.rvm/gems/ruby-1.9.3-p392/gems/activesupport-3.2.13/lib/active_support/core_ext/module/remove_method.rb:4 - method `_validators' not defined in Class
Exception `NameError' at /Users/hupengxing/.rvm/gems/ruby-1.9.3-p392/gems/activesupport-3.2.13/lib/active_support/core_ext/module/remove_method.rb:4 - method `_validation_callbacks' not defined in Class
Exception `NameError' at /Users/hupengxing/.rvm/gems/ruby-1.9.3-p392/gems/activesupport-3.2.13/lib/active_support/core_ext/module/remove_method.rb:4 - method `_validate_callbacks' not defined in Class
Exception `NameError' at /Users/hupengxing/.rvm/gems/ruby-1.9.3-p392/gems/activesupport-3.2.13/lib/active_support/core_ext/module/remove_method.rb:4 - method `_accessible_attributes' not defined in Class
Exception `NameError' at /Users/hupengxing/.rvm/gems/ruby-1.9.3-p392/gems/activesupport-3.2.13/lib/active_support/core_ext/module/remove_method.rb:4 - method `_active_authorizer' not defined in Class
Exception `Errno::ECONNREFUSED' at /Users/hupengxing/.rvm/gems/ruby-1.9.3-p392/gems/unicorn-4.6.2/lib/unicorn/socket_helper.rb:126 - Connection refused - "/tmp/unicorn.sock"
I, [2013-06-25T16:15:20.639880 #21179]  INFO -- : unlinking existing socket=/tmp/unicorn.sock
I, [2013-06-25T16:15:20.640118 #21179]  INFO -- : listening on addr=/tmp/unicorn.sock fd=9
Exception `Errno::EADDRINUSE' at /Users/hupengxing/.rvm/gems/ruby-1.9.3-p392/gems/unicorn-4.6.2/lib/unicorn/socket_helper.rb:147 - Address already in use - bind(2)
E, [2013-06-25T16:15:20.640395 #21179] ERROR -- : adding listener failed addr=0.0.0.0:8080 (in use)
E, [2013-06-25T16:15:20.640431 #21179] ERROR -- : retrying in 0.5 seconds (4 tries left)
Exception `Errno::EADDRINUSE' at /Users/hupengxing/.rvm/gems/ruby-1.9.3-p392/gems/unicorn-4.6.2/lib/unicorn/socket_helper.rb:147 - Address already in use - bind(2)
E, [2013-06-25T16:15:21.141760 #21179] ERROR -- : adding listener failed addr=0.0.0.0:8080 (in use)
E, [2013-06-25T16:15:21.141850 #21179] ERROR -- : retrying in 0.5 seconds (3 tries left)
Exception `Errno::EADDRINUSE' at /Users/hupengxing/.rvm/gems/ruby-1.9.3-p392/gems/unicorn-4.6.2/lib/unicorn/socket_helper.rb:147 - Address already in use - bind(2)
E, [2013-06-25T16:15:21.643195 #21179] ERROR -- : adding listener failed addr=0.0.0.0:8080 (in use)
E, [2013-06-25T16:15:21.643285 #21179] ERROR -- : retrying in 0.5 seconds (2 tries left)
Exception `Errno::EADDRINUSE' at /Users/hupengxing/.rvm/gems/ruby-1.9.3-p392/gems/unicorn-4.6.2/lib/unicorn/socket_helper.rb:147 - Address already in use - bind(2)
E, [2013-06-25T16:15:22.144629 #21179] ERROR -- : adding listener failed addr=0.0.0.0:8080 (in use)
E, [2013-06-25T16:15:22.144714 #21179] ERROR -- : retrying in 0.5 seconds (1 tries left)
Exception `Errno::EADDRINUSE' at /Users/hupengxing/.rvm/gems/ruby-1.9.3-p392/gems/unicorn-4.6.2/lib/unicorn/socket_helper.rb:147 - Address already in use - bind(2)
E, [2013-06-25T16:15:22.646000 #21179] ERROR -- : adding listener failed addr=0.0.0.0:8080 (in use)
E, [2013-06-25T16:15:22.646080 #21179] ERROR -- : retrying in 0.5 seconds (0 tries left)
Exception `Errno::EADDRINUSE' at /Users/hupengxing/.rvm/gems/ruby-1.9.3-p392/gems/unicorn-4.6.2/lib/unicorn/socket_helper.rb:147 - Address already in use - bind(2)
E, [2013-06-25T16:15:23.147416 #21179] ERROR -- : adding listener failed addr=0.0.0.0:8080 (in use)
Exception `Errno::EADDRINUSE' at /Users/hupengxing/.rvm/gems/ruby-1.9.3-p392/gems/unicorn-4.6.2/lib/unicorn/http_server.rb:239 - Address already in use - bind(2)
/Users/hupengxing/.rvm/gems/ruby-1.9.3-p392/gems/unicorn-4.6.2/lib/unicorn/socket_helper.rb:147:in `initialize': Address already in use - bind(2) (Errno::EADDRINUSE)
	from /Users/hupengxing/.rvm/gems/ruby-1.9.3-p392/gems/unicorn-4.6.2/lib/unicorn/socket_helper.rb:147:in `new'
	from /Users/hupengxing/.rvm/gems/ruby-1.9.3-p392/gems/unicorn-4.6.2/lib/unicorn/socket_helper.rb:147:in `bind_listen'
	from /Users/hupengxing/.rvm/gems/ruby-1.9.3-p392/gems/unicorn-4.6.2/lib/unicorn/http_server.rb:229:in `listen'
	from /Users/hupengxing/.rvm/gems/ruby-1.9.3-p392/gems/unicorn-4.6.2/lib/unicorn/http_server.rb:773:in `block in bind_new_listeners!'
	from /Users/hupengxing/.rvm/gems/ruby-1.9.3-p392/gems/unicorn-4.6.2/lib/unicorn/http_server.rb:773:in `each'
	from /Users/hupengxing/.rvm/gems/ruby-1.9.3-p392/gems/unicorn-4.6.2/lib/unicorn/http_server.rb:773:in `bind_new_listeners!'
	from /Users/hupengxing/.rvm/gems/ruby-1.9.3-p392/gems/unicorn-4.6.2/lib/unicorn/http_server.rb:141:in `start'
	from /Users/hupengxing/.rvm/gems/ruby-1.9.3-p392/gems/unicorn-4.6.2/bin/unicorn_rails:209:in `<top (required)>'
	from /Users/hupengxing/.rvm/gems/ruby-1.9.3-p392/bin/unicorn_rails:23:in `load'
	from /Users/hupengxing/.rvm/gems/ruby-1.9.3-p392/bin/unicorn_rails:23:in `<main>'
Exception `Errno::ESRCH' at /Users/hupengxing/.rvm/gems/ruby-1.9.3-p392/gems/unicorn-4.6.2/lib/unicorn/http_server.rb:685 - No such process
Exception `Errno::ECONNREFUSED' at /Users/hupengxing/.rvm/gems/ruby-1.9.3-p392/gems/unicorn-4.6.2/lib/unicorn/socket_helper.rb:126 - Connection refused - "/tmp/unicorn.sock"
I, [2013-06-25T16:17:30.690612 #21291]  INFO -- : unlinking existing socket=/tmp/unicorn.sock
I, [2013-06-25T16:17:30.690798 #21291]  INFO -- : listening on addr=/tmp/unicorn.sock fd=7
Exception `Errno::EADDRINUSE' at /Users/hupengxing/.rvm/gems/ruby-1.9.3-p392/gems/unicorn-4.6.2/lib/unicorn/socket_helper.rb:147 - Address already in use - bind(2)
E, [2013-06-25T16:17:30.691075 #21291] ERROR -- : adding listener failed addr=0.0.0.0:8080 (in use)
E, [2013-06-25T16:17:30.691119 #21291] ERROR -- : retrying in 0.5 seconds (4 tries left)
Exception `Errno::EADDRINUSE' at /Users/hupengxing/.rvm/gems/ruby-1.9.3-p392/gems/unicorn-4.6.2/lib/unicorn/socket_helper.rb:147 - Address already in use - bind(2)
E, [2013-06-25T16:17:31.191792 #21291] ERROR -- : adding listener failed addr=0.0.0.0:8080 (in use)
E, [2013-06-25T16:17:31.191870 #21291] ERROR -- : retrying in 0.5 seconds (3 tries left)
Exception `Errno::EADDRINUSE' at /Users/hupengxing/.rvm/gems/ruby-1.9.3-p392/gems/unicorn-4.6.2/lib/unicorn/socket_helper.rb:147 - Address already in use - bind(2)
E, [2013-06-25T16:17:31.693166 #21291] ERROR -- : adding listener failed addr=0.0.0.0:8080 (in use)
E, [2013-06-25T16:17:31.693240 #21291] ERROR -- : retrying in 0.5 seconds (2 tries left)
Exception `Errno::EADDRINUSE' at /Users/hupengxing/.rvm/gems/ruby-1.9.3-p392/gems/unicorn-4.6.2/lib/unicorn/socket_helper.rb:147 - Address already in use - bind(2)
E, [2013-06-25T16:17:32.194403 #21291] ERROR -- : adding listener failed addr=0.0.0.0:8080 (in use)
E, [2013-06-25T16:17:32.194487 #21291] ERROR -- : retrying in 0.5 seconds (1 tries left)
Exception `Errno::EADDRINUSE' at /Users/hupengxing/.rvm/gems/ruby-1.9.3-p392/gems/unicorn-4.6.2/lib/unicorn/socket_helper.rb:147 - Address already in use - bind(2)
E, [2013-06-25T16:17:32.695267 #21291] ERROR -- : adding listener failed addr=0.0.0.0:8080 (in use)
E, [2013-06-25T16:17:32.695355 #21291] ERROR -- : retrying in 0.5 seconds (0 tries left)
Exception `Errno::EADDRINUSE' at /Users/hupengxing/.rvm/gems/ruby-1.9.3-p392/gems/unicorn-4.6.2/lib/unicorn/socket_helper.rb:147 - Address already in use - bind(2)
E, [2013-06-25T16:17:33.196686 #21291] ERROR -- : adding listener failed addr=0.0.0.0:8080 (in use)
Exception `Errno::EADDRINUSE' at /Users/hupengxing/.rvm/gems/ruby-1.9.3-p392/gems/unicorn-4.6.2/lib/unicorn/http_server.rb:239 - Address already in use - bind(2)
/Users/hupengxing/.rvm/gems/ruby-1.9.3-p392/gems/unicorn-4.6.2/lib/unicorn/socket_helper.rb:147:in `initialize': Address already in use - bind(2) (Errno::EADDRINUSE)
	from /Users/hupengxing/.rvm/gems/ruby-1.9.3-p392/gems/unicorn-4.6.2/lib/unicorn/socket_helper.rb:147:in `new'
	from /Users/hupengxing/.rvm/gems/ruby-1.9.3-p392/gems/unicorn-4.6.2/lib/unicorn/socket_helper.rb:147:in `bind_listen'
	from /Users/hupengxing/.rvm/gems/ruby-1.9.3-p392/gems/unicorn-4.6.2/lib/unicorn/http_server.rb:229:in `listen'
	from /Users/hupengxing/.rvm/gems/ruby-1.9.3-p392/gems/unicorn-4.6.2/lib/unicorn/http_server.rb:773:in `block in bind_new_listeners!'
	from /Users/hupengxing/.rvm/gems/ruby-1.9.3-p392/gems/unicorn-4.6.2/lib/unicorn/http_server.rb:773:in `each'
	from /Users/hupengxing/.rvm/gems/ruby-1.9.3-p392/gems/unicorn-4.6.2/lib/unicorn/http_server.rb:773:in `bind_new_listeners!'
	from /Users/hupengxing/.rvm/gems/ruby-1.9.3-p392/gems/unicorn-4.6.2/lib/unicorn/http_server.rb:141:in `start'
	from /Users/hupengxing/.rvm/gems/ruby-1.9.3-p392/gems/unicorn-4.6.2/bin/unicorn_rails:209:in `<top (required)>'
	from /Users/hupengxing/.rvm/gems/ruby-1.9.3-p392/bin/unicorn_rails:23:in `load'
	from /Users/hupengxing/.rvm/gems/ruby-1.9.3-p392/bin/unicorn_rails:23:in `<main>'
Exception `Errno::ESRCH' at /Users/hupengxing/.rvm/gems/ruby-1.9.3-p392/gems/unicorn-4.6.2/lib/unicorn/http_server.rb:685 - No such process
Exception `Errno::ECONNREFUSED' at /Users/hupengxing/.rvm/gems/ruby-1.9.3-p392/gems/unicorn-4.6.2/lib/unicorn/socket_helper.rb:126 - Connection refused - "/tmp/unicorn.sock"
I, [2013-06-25T16:26:45.457221 #21352]  INFO -- : unlinking existing socket=/tmp/unicorn.sock
I, [2013-06-25T16:26:45.457428 #21352]  INFO -- : listening on addr=/tmp/unicorn.sock fd=7
I, [2013-06-25T16:26:45.457717 #21352]  INFO -- : listening on addr=0.0.0.0:8081 fd=8
I, [2013-06-25T16:26:45.457773 #21352]  INFO -- : worker=0 spawning...
I, [2013-06-25T16:26:45.458467 #21352]  INFO -- : worker=1 spawning...
I, [2013-06-25T16:26:45.458875 #21352]  INFO -- : master process ready
I, [2013-06-25T16:26:45.459445 #21353]  INFO -- : worker=0 spawned pid=21353
I, [2013-06-25T16:26:45.459694 #21354]  INFO -- : worker=1 spawned pid=21354
I, [2013-06-25T16:26:45.469838 #21354]  INFO -- : Refreshing Gem list
I, [2013-06-25T16:26:45.469844 #21353]  INFO -- : Refreshing Gem list
Exception `LoadError' at /Users/hupengxing/.rvm/rubies/ruby-1.9.3-p392/lib/ruby/1.9.1/rubygems/custom_require.rb:36 - cannot load such file -- bundler
Exception `LoadError' at /Users/hupengxing/.rvm/rubies/ruby-1.9.3-p392/lib/ruby/1.9.1/rubygems/custom_require.rb:36 - cannot load such file -- bundler
Exception `Gem::LoadError' at /Users/hupengxing/.rvm/rubies/ruby-1.9.3-p392/lib/ruby/1.9.1/rubygems/dependency.rb:247 - Could not find psych (>= 0) amongst [actionmailer-3.2.13, actionmailer-3.2.12, actionmailer-3.2.11, actionmailer-3.2.9, actionmailer-3.2.7, actionmailer-3.1.3, actionpack-3.2.13, actionpack-3.2.12, actionpack-3.2.11, actionpack-3.2.9, actionpack-3.2.7, actionpack-3.1.3, active_utils-1.0.5, activemerchant-1.32.1, activemerchant-1.31.1, activemerchant-1.20.0, activemodel-3.2.13, activemodel-3.2.12, activemodel-3.2.11, activemodel-3.2.9, activemodel-3.2.7, activemodel-3.1.3, activerecord-3.2.13, activerecord-3.2.12, activerecord-3.2.11, activerecord-3.2.9, activerecord-3.2.7, activerecord-3.1.3, activerecord-postgresql-adapter-0.0.1, activeresource-3.2.13, activeresource-3.2.12, activeresource-3.2.11, activeresource-3.2.9, activeresource-3.2.7, activeresource-3.1.3, activesupport-3.2.13, activesupport-3.2.12, activesupport-3.2.11, activesupport-3.2.9, activesupport-3.2.7, activesupport-3.1.3, Exception `Gem::LoadError' at /Users/hupengxing/.rvm/rubies/ruby-1.9.3-p392/lib/ruby/1.9.1/rubygems/dependency.rb:247 - Could not find psych (>= 0) amongst [actionmailer-3.2.13, actionmailer-3.2.12, actionmailer-3.2.11, actionmailer-3.2.9, actionmailer-3.2.7, actionmailer-3.1.3, actionpack-3.2.13, actionpack-3.2.12, actionpack-3.2.11, actionpack-3.2.9, actionpack-3.2.7, actionpack-3.1.3, active_utils-1.0.5, activemerchant-1.32.1, activemerchant-1.31.1, activemerchant-1.20.0, activemodel-3.2.13, activemodel-3.2.12, activemodel-3.2.11, activemodel-3.2.9, activemodel-3.2.7, activemodel-3.1.3, activerecord-3.2.13, activerecord-3.2.12, activerecord-3.2.11, activerecord-3.2.9, activerecord-3.2.7, activerecord-3.1.3, activerecord-postgresql-adapter-0.0.1, activeresource-3.2.13, activeresource-3.2.12, activeresource-3.2.11, activeresource-3.2.9, activeresource-3.2.7, activeresource-3.1.3, activesupport-3.2.13, activesupport-3.2.12, activesupport-3.2.11, activesupport-3.2.9, activesupport-3.2.7, activesupport-3.1.3, Exception `NameError' at /Users/hupengxing/.rvm/rubies/ruby-1.9.3-p392/lib/ruby/1.9.1/psych/core_ext.rb:16 - method `to_yaml' not defined in Object
Exception `NameError' at /Users/hupengxing/.rvm/rubies/ruby-1.9.3-p392/lib/ruby/1.9.1/psych/core_ext.rb:16 - method `to_yaml' not defined in Object
Exception `NameError' at /Users/hupengxing/.rvm/rubies/ruby-1.9.3-p392/lib/ruby/1.9.1/psych/core_ext.rb:29 - method `yaml_as' not defined in Module
Exception `NameError' at /Users/hupengxing/.rvm/rubies/ruby-1.9.3-p392/lib/ruby/1.9.1/psych/core_ext.rb:29 - method `yaml_as' not defined in Module
Exception `NameError' at /Users/hupengxing/.rvm/rubies/ruby-1.9.3-p392/lib/ruby/1.9.1/psych/deprecated.rb:79 - undefined method `to_yaml_properties' for class `Object'
Exception `NameError' at /Users/hupengxing/.rvm/rubies/ruby-1.9.3-p392/lib/ruby/1.9.1/psych/deprecated.rb:79 - undefined method `to_yaml_properties' for class `Object'
Exception `Gem::LoadError' at /Users/hupengxing/.rvm/rubies/ruby-1.9.3-p392/lib/ruby/1.9.1/rubygems/dependency.rb:247 - Could not find psych (>= 1.2.1, ~> 1.2) amongst [actionmailer-3.2.13, actionmailer-3.2.12, actionmailer-3.2.11, actionmailer-3.2.9, actionmailer-3.2.7, actionmailer-3.1.3, actionpack-3.2.13, actionpack-3.2.12, actionpack-3.2.11, actionpack-3.2.9, actionpack-3.2.7, actionpack-3.1.3, active_utils-1.0.5, activemerchant-1.32.1, activemerchant-1.31.1, activemerchant-1.20.0, activemodel-3.2.13, activemodel-3.2.12, activemodel-3.2.11, activemodel-3.2.9, activemodel-3.2.7, activemodel-3.1.3, activerecord-3.2.13, activerecord-3.2.12, activerecord-3.2.11, activerecord-3.2.9, activerecord-3.2.7, activerecord-3.1.3, activerecord-postgresql-adapter-0.0.1, activeresource-3.2.13, activeresource-3.2.12, activeresource-3.2.11, activeresource-3.2.9, activeresource-3.2.7, activeresource-3.1.3, activesupport-3.2.13, activesupport-3.2.12, activesupport-3.2.11, activesupport-3.2.9, activesupport-3.2.7, activesupException `Gem::LoadError' at /Users/hupengxing/.rvm/rubies/ruby-1.9.3-p392/lib/ruby/1.9.1/rubygems/dependency.rb:247 - Could not find psych (>= 1.2.1, ~> 1.2) amongst [actionmailer-3.2.13, actionmailer-3.2.12, actionmailer-3.2.11, actionmailer-3.2.9, actionmailer-3.2.7, actionmailer-3.1.3, actionpack-3.2.13, actionpack-3.2.12, actionpack-3.2.11, actionpack-3.2.9, actionpack-3.2.7, actionpack-3.1.3, active_utils-1.0.5, activemerchant-1.32.1, activemerchant-1.31.1, activemerchant-1.20.0, activemodel-3.2.13, activemodel-3.2.12, activemodel-3.2.11, activemodel-3.2.9, activemodel-3.2.7, activemodel-3.1.3, activerecord-3.2.13, activerecord-3.2.12, activerecord-3.2.11, activerecord-3.2.9, activerecord-3.2.7, activerecord-3.1.3, activerecord-postgresql-adapter-0.0.1, activeresource-3.2.13, activeresource-3.2.12, activeresource-3.2.11, activeresource-3.2.9, activeresource-3.2.7, activeresource-3.1.3, activesupport-3.2.13, activesupport-3.2.12, activesupport-3.2.11, activesupport-3.2.9, activesupport-3.2.7, activesupException `NameError' at /Users/hupengxing/.rvm/rubies/ruby-1.9.3-p392/lib/ruby/1.9.1/rubygems/syck_hack.rb:20 - constant Psych::Syck not defined
Exception `NameError' at /Users/hupengxing/.rvm/rubies/ruby-1.9.3-p392/lib/ruby/1.9.1/rubygems/syck_hack.rb:42 - method `to_s' not defined in Syck::DefaultKey
Exception `NameError' at /Users/hupengxing/.rvm/rubies/ruby-1.9.3-p392/lib/ruby/1.9.1/rubygems/syck_hack.rb:20 - constant Psych::Syck not defined
Exception `NameError' at /Users/hupengxing/.rvm/rubies/ruby-1.9.3-p392/lib/ruby/1.9.1/rubygems/syck_hack.rb:42 - method `to_s' not defined in Syck::DefaultKey
Exception `TypeError' at /Users/hupengxing/.rvm/gems/ruby-1.9.3-p392/gems/activesupport-3.2.13/lib/active_support/core_ext/object/duplicable.rb:111 - can't copy BigDecimal
Exception `TypeError' at /Users/hupengxing/.rvm/gems/ruby-1.9.3-p392/gems/activesupport-3.2.13/lib/active_support/core_ext/object/duplicable.rb:111 - can't copy BigDecimal
Type application/vnd.ms-fontobject already registered as a variant of application/vnd.ms-fontobject.
Type application/vnd.ms-word.document.macroEnabled.12 already registered as a variant of application/vnd.ms-word.document.macroenabled.12.
Type application/vnd.ms-word.template.macroEnabled.12 already registered as a variant of application/vnd.ms-word.template.macroenabled.12.
Type application/vnd.ms-fontobject already registered as a variant of application/vnd.ms-fontobject.
Type application/vnd.ms-word.document.macroEnabled.12 already registered as a variant of application/vnd.ms-word.document.macroenabled.12.
Type application/vnd.ms-word.template.macroEnabled.12 already registered as a variant of application/vnd.ms-word.template.macroenabled.12.
Type multipart/x-parallel already registered as a variant of multipart/parallel.
Type text/plain already registered as a variant of text/plain.
Type multipart/x-parallel already registered as a variant of multipart/parallel.
Type video/vnd.dlna.mpeg-tts already registered as a variant of video/vnd.dlna.mpeg-tts.
Type text/plain already registered as a variant of text/plain.
Type video/vnd.dlna.mpeg-tts already registered as a variant of video/vnd.dlna.mpeg-tts.
Exception `LoadError' at /Users/hupengxing/.rvm/gems/ruby-1.9.3-p392/gems/cocaine-0.5.1/lib/cocaine/command_line.rb:20 - cannot load such file -- posix/spawn
Exception `LoadError' at /Users/hupengxing/.rvm/gems/ruby-1.9.3-p392/gems/cocaine-0.5.1/lib/cocaine/command_line.rb:20 - cannot load such file -- posix/spawn
Exception `LoadError' at /Users/hupengxing/.rvm/gems/ruby-1.9.3-p392/gems/redis-3.0.3/lib/redis/hash_ring.rb:71 - cannot load such file -- inline
Exception `LoadError' at /Users/hupengxing/.rvm/gems/ruby-1.9.3-p392/gems/redis-3.0.3/lib/redis/hash_ring.rb:71 - cannot load such file -- inline
WARNING: Nokogiri was built against LibXML version 2.9.0, but has dynamically loaded 2.7.8
WARNING: Nokogiri was built against LibXML version 2.9.0, but has dynamically loaded 2.7.8
Exception `NameError' at /Users/hupengxing/.rvm/gems/ruby-1.9.3-p392/gems/activesupport-3.2.13/lib/active_support/core_ext/module/remove_method.rb:4 - method `expansions' not defined in Class
Exception `NameError' at /Users/hupengxing/.rvm/gems/ruby-1.9.3-p392/gems/activesupport-3.2.13/lib/active_support/core_ext/module/remove_method.rb:4 - method `expansions' not defined in Class
Exception `NameError' at /Users/hupengxing/.rvm/gems/ruby-1.9.3-p392/gems/activesupport-3.2.13/lib/active_support/core_ext/module/remove_method.rb:4 - method `expansions' not defined in Class
Exception `NameError' at /Users/hupengxing/.rvm/gems/ruby-1.9.3-p392/gems/activesupport-3.2.13/lib/active_support/core_ext/module/remove_method.rb:4 - method `expansions' not defined in Class
Exception `TypeError' at /Users/hupengxing/.rvm/gems/ruby-1.9.3-p392/gems/safe_yaml-0.9.0/lib/safe_yaml/deep.rb:18 - can't dup NilClass
Exception `TypeError' at /Users/hupengxing/.rvm/gems/ruby-1.9.3-p392/gems/safe_yaml-0.9.0/lib/safe_yaml/deep.rb:18 - can't dup FalseClass
Exception `TypeError' at /Users/hupengxing/.rvm/gems/ruby-1.9.3-p392/gems/safe_yaml-0.9.0/lib/safe_yaml/deep.rb:18 - can't dup FalseClass
Exception `TypeError' at /Users/hupengxing/.rvm/gems/ruby-1.9.3-p392/gems/safe_yaml-0.9.0/lib/safe_yaml/deep.rb:18 - can't dup FalseClass
Exception `TypeError' at /Users/hupengxing/.rvm/gems/ruby-1.9.3-p392/gems/safe_yaml-0.9.0/lib/safe_yaml/deep.rb:18 - can't dup NilClass
Exception `TypeError' at /Users/hupengxing/.rvm/gems/ruby-1.9.3-p392/gems/safe_yaml-0.9.0/lib/safe_yaml/deep.rb:18 - can't dup FalseClass
Exception `TypeError' at /Users/hupengxing/.rvm/gems/ruby-1.9.3-p392/gems/safe_yaml-0.9.0/lib/safe_yaml/deep.rb:18 - can't dup FalseClass
Exception `TypeError' at /Users/hupengxing/.rvm/gems/ruby-1.9.3-p392/gems/safe_yaml-0.9.0/lib/safe_yaml/deep.rb:18 - can't dup FalseClass
Exception `NameError' at /Users/hupengxing/.rvm/gems/ruby-1.9.3-p392/gems/activesupport-3.2.13/lib/active_support/core_ext/module/remove_method.rb:4 - method `valid_options' not defined in Class
Exception `NameError' at /Users/hupengxing/.rvm/gems/ruby-1.9.3-p392/gems/activesupport-3.2.13/lib/active_support/core_ext/module/remove_method.rb:4 - method `macro' not defined in Class
Exception `NameError' at /Users/hupengxing/.rvm/gems/ruby-1.9.3-p392/gems/activesupport-3.2.13/lib/active_support/core_ext/module/remove_method.rb:4 - method `valid_options' not defined in Class
Exception `NameError' at /Users/hupengxing/.rvm/gems/ruby-1.9.3-p392/gems/activesupport-3.2.13/lib/active_support/core_ext/module/remove_method.rb:4 - method `valid_options' not defined in Class
Exception `NameError' at /Users/hupengxing/.rvm/gems/ruby-1.9.3-p392/gems/activesupport-3.2.13/lib/active_support/core_ext/module/remove_method.rb:4 - method `macro' not defined in Class
Exception `NameError' at /Users/hupengxing/.rvm/gems/ruby-1.9.3-p392/gems/activesupport-3.2.13/lib/active_support/core_ext/module/remove_method.rb:4 - method `valid_options' not defined in Class
Exception `NameError' at /Users/hupengxing/.rvm/gems/ruby-1.9.3-p392/gems/activesupport-3.2.13/lib/active_support/core_ext/module/remove_method.rb:4 - method `macro' not defined in Class
Exception `NameError' at /Users/hupengxing/.rvm/gems/ruby-1.9.3-p392/gems/activesupport-3.2.13/lib/active_support/core_ext/module/remove_method.rb:4 - method `valid_options' not defined in Class
Exception `NameError' at /Users/hupengxing/.rvm/gems/ruby-1.9.3-p392/gems/activesupport-3.2.13/lib/active_support/core_ext/module/remove_method.rb:4 - method `valid_options' not defined in Class
Exception `NameError' at /Users/hupengxing/.rvm/gems/ruby-1.9.3-p392/gems/activesupport-3.2.13/lib/active_support/core_ext/module/remove_method.rb:4 - method `macro' not defined in Class
Exception `NameError' at /Users/hupengxing/.rvm/gems/ruby-1.9.3-p392/gems/activesupport-3.2.13/lib/active_support/core_ext/module/remove_method.rb:4 - method `valid_options' not defined in Class
Exception `NameError' at /Users/hupengxing/.rvm/gems/ruby-1.9.3-p392/gems/activesupport-3.2.13/lib/active_support/core_ext/module/remove_method.rb:4 - method `valid_options' not defined in Class
Exception `NameError' at /Users/hupengxing/.rvm/gems/ruby-1.9.3-p392/gems/activesupport-3.2.13/lib/active_support/core_ext/module/remove_method.rb:4 - method `macro' not defined in Class
Exception `NameError' at /Users/hupengxing/.rvm/gems/ruby-1.9.3-p392/gems/activesupport-3.2.13/lib/active_support/core_ext/module/remove_method.rb:4 - method `valid_options' not defined in Class
Exception `NameError' at /Users/hupengxing/.rvm/gems/ruby-1.9.3-p392/gems/activesupport-3.2.13/lib/active_support/core_ext/module/remove_method.rb:4 - method `macro' not defined in Class
Exception `NameError' at /Users/hupengxing/.rvm/gems/ruby-1.9.3-p392/gems/activesupport-3.2.13/lib/active_support/core_ext/module/remove_method.rb:4 - method `valid_options' not defined in Class
Exception `NameError' at /Users/hupengxing/.rvm/gems/ruby-1.9.3-p392/gems/activesupport-3.2.13/lib/active_support/core_ext/module/remove_method.rb:4 - method `macro' not defined in Class
Exception `NameError' at /Users/hupengxing/.rvm/gems/ruby-1.9.3-p392/gems/activesupport-3.2.13/lib/active_support/core_ext/module/remove_method.rb:4 - method `valid_options' not defined in Class
Exception `NameError' at /Users/hupengxing/.rvm/gems/ruby-1.9.3-p392/gems/activesupport-3.2.13/lib/active_support/core_ext/module/remove_method.rb:4 - method `macro' not defined in Class
Exception `NameError' at /Users/hupengxing/.rvm/gems/ruby-1.9.3-p392/gems/activesupport-3.2.13/lib/active_support/core_ext/module/remove_method.rb:4 - method `valid_options' not defined in Class
Using Ext extension for JSON.
Using Ext extension for JSON.
Exception `NameError' at /Users/hupengxing/.rvm/gems/ruby-1.9.3-p392/gems/activesupport-3.2.13/lib/active_support/core_ext/module/remove_method.rb:4 - method `_layout_conditions' not defined in ActionMailer::Base
Exception `NameError' at /Users/hupengxing/.rvm/gems/ruby-1.9.3-p392/gems/activesupport-3.2.13/lib/active_support/core_ext/module/remove_method.rb:4 - method `_layout' not defined in ActionMailer::Base
Exception `NameError' at /Users/hupengxing/.rvm/gems/ruby-1.9.3-p392/gems/activesupport-3.2.13/lib/active_support/core_ext/module/remove_method.rb:4 - method `_layout_conditions' not defined in ActionMailer::Base
Exception `NameError' at /Users/hupengxing/.rvm/gems/ruby-1.9.3-p392/gems/activesupport-3.2.13/lib/active_support/core_ext/module/remove_method.rb:4 - method `_layout' not defined in ActionMailer::Base
Exception `LoadError' at /Users/hupengxing/.rvm/gems/ruby-1.9.3-p392/gems/activesupport-3.2.13/lib/active_support/dependencies.rb:251 - cannot load such file -- fast_xs
Exception `LoadError' at /Users/hupengxing/.rvm/gems/ruby-1.9.3-p392/gems/activesupport-3.2.13/lib/active_support/dependencies.rb:240 - cannot load such file -- fast_xs
Exception `LoadError' at /Users/hupengxing/.rvm/gems/ruby-1.9.3-p392/gems/activesupport-3.2.13/lib/active_support/dependencies.rb:251 - cannot load such file -- fast_xs
Exception `LoadError' at /Users/hupengxing/.rvm/gems/ruby-1.9.3-p392/gems/activesupport-3.2.13/lib/active_support/dependencies.rb:240 - cannot load such file -- fast_xs
Exception `LoadError' at /Users/hupengxing/.rvm/gems/ruby-1.9.3-p392/gems/activesupport-3.2.13/lib/active_support/dependencies.rb:251 - cannot load such file -- data_mapper
Exception `LoadError' at /Users/hupengxing/.rvm/gems/ruby-1.9.3-p392/gems/activesupport-3.2.13/lib/active_support/dependencies.rb:240 - cannot load such file -- data_mapper
Exception `LoadError' at /Users/hupengxing/.rvm/gems/ruby-1.9.3-p392/gems/activesupport-3.2.13/lib/active_support/dependencies.rb:251 - cannot load such file -- mongoid
Exception `LoadError' at /Users/hupengxing/.rvm/gems/ruby-1.9.3-p392/gems/activesupport-3.2.13/lib/active_support/dependencies.rb:240 - cannot load such file -- mongoid
Exception `LoadError' at /Users/hupengxing/.rvm/gems/ruby-1.9.3-p392/gems/activesupport-3.2.13/lib/active_support/dependencies.rb:251 - cannot load such file -- data_mapper
Exception `LoadError' at /Users/hupengxing/.rvm/gems/ruby-1.9.3-p392/gems/activesupport-3.2.13/lib/active_support/dependencies.rb:240 - cannot load such file -- data_mapper
Exception `LoadError' at /Users/hupengxing/.rvm/gems/ruby-1.9.3-p392/gems/activesupport-3.2.13/lib/active_support/dependencies.rb:251 - cannot load such file -- mongoid
Exception `LoadError' at /Users/hupengxing/.rvm/gems/ruby-1.9.3-p392/gems/activesupport-3.2.13/lib/active_support/dependencies.rb:240 - cannot load such file -- mongoid
Exception `NameError' at /Users/hupengxing/.rvm/gems/ruby-1.9.3-p392/gems/activesupport-3.2.13/lib/active_support/core_ext/module/remove_method.rb:4 - method `middleware_stack' not defined in Class
Exception `NameError' at /Users/hupengxing/.rvm/gems/ruby-1.9.3-p392/gems/activesupport-3.2.13/lib/active_support/core_ext/module/remove_method.rb:4 - method `middleware_stack' not defined in Class
Exception `NameError' at /Users/hupengxing/.rvm/gems/ruby-1.9.3-p392/gems/activesupport-3.2.13/lib/active_support/core_ext/module/remove_method.rb:4 - method `_routes' not defined in Class
Exception `NameError' at /Users/hupengxing/.rvm/gems/ruby-1.9.3-p392/gems/activesupport-3.2.13/lib/active_support/core_ext/module/remove_method.rb:4 - method `_routes' not defined in Class
Exception `LoadError' at /Users/hupengxing/.rvm/gems/ruby-1.9.3-p392/gems/activesupport-3.2.13/lib/active_support/dependencies.rb:251 - cannot load such file -- haml/filters/maruku
Exception `LoadError' at /Users/hupengxing/.rvm/gems/ruby-1.9.3-p392/gems/activesupport-3.2.13/lib/active_support/dependencies.rb:240 - cannot load such file -- haml/filters/maruku
Exception `LoadError' at /Users/hupengxing/.rvm/gems/ruby-1.9.3-p392/gems/activesupport-3.2.13/lib/active_support/dependencies.rb:251 - cannot load such file -- haml/filters/maruku
Exception `LoadError' at /Users/hupengxing/.rvm/gems/ruby-1.9.3-p392/gems/activesupport-3.2.13/lib/active_support/dependencies.rb:240 - cannot load such file -- haml/filters/maruku
Exception `LoadError' at /Users/hupengxing/.rvm/gems/ruby-1.9.3-p392/gems/activesupport-3.2.13/lib/active_support/dependencies.rb:251 - cannot load such file -- simple_form
Exception `LoadError' at /Users/hupengxing/.rvm/gems/ruby-1.9.3-p392/gems/activesupport-3.2.13/lib/active_support/dependencies.rb:240 - cannot load such file -- simple_form
Exception `LoadError' at /Users/hupengxing/.rvm/gems/ruby-1.9.3-p392/gems/activesupport-3.2.13/lib/active_support/dependencies.rb:251 - cannot load such file -- formtastic
Exception `LoadError' at /Users/hupengxing/.rvm/gems/ruby-1.9.3-p392/gems/activesupport-3.2.13/lib/active_support/dependencies.rb:240 - cannot load such file -- formtastic
Exception `LoadError' at /Users/hupengxing/.rvm/gems/ruby-1.9.3-p392/gems/activesupport-3.2.13/lib/active_support/dependencies.rb:251 - cannot load such file -- formtastic-bootstrap
Exception `LoadError' at /Users/hupengxing/.rvm/gems/ruby-1.9.3-p392/gems/activesupport-3.2.13/lib/active_support/dependencies.rb:240 - cannot load such file -- formtastic-bootstrap
Exception `LoadError' at /Users/hupengxing/.rvm/gems/ruby-1.9.3-p392/gems/activesupport-3.2.13/lib/active_support/dependencies.rb:251 - cannot load such file -- simple_form
Exception `LoadError' at /Users/hupengxing/.rvm/gems/ruby-1.9.3-p392/gems/activesupport-3.2.13/lib/active_support/dependencies.rb:240 - cannot load such file -- simple_form
Exception `LoadError' at /Users/hupengxing/.rvm/gems/ruby-1.9.3-p392/gems/activesupport-3.2.13/lib/active_support/dependencies.rb:251 - cannot load such file -- formtastic
Exception `LoadError' at /Users/hupengxing/.rvm/gems/ruby-1.9.3-p392/gems/activesupport-3.2.13/lib/active_support/dependencies.rb:240 - cannot load such file -- formtastic
Exception `LoadError' at /Users/hupengxing/.rvm/gems/ruby-1.9.3-p392/gems/activesupport-3.2.13/lib/active_support/dependencies.rb:251 - cannot load such file -- formtastic-bootstrap
Exception `LoadError' at /Users/hupengxing/.rvm/gems/ruby-1.9.3-p392/gems/activesupport-3.2.13/lib/active_support/dependencies.rb:240 - cannot load such file -- formtastic-bootstrap
Exception `NameError' at /Users/hupengxing/.rvm/gems/ruby-1.9.3-p392/gems/activesupport-3.2.13/lib/active_support/core_ext/module/remove_method.rb:4 - method `middleware_stack' not defined in Class
Exception `NameError' at /Users/hupengxing/.rvm/gems/ruby-1.9.3-p392/gems/activesupport-3.2.13/lib/active_support/core_ext/module/remove_method.rb:4 - method `middleware_stack' not defined in Class
Exception `NameError' at /Users/hupengxing/.rvm/gems/ruby-1.9.3-p392/gems/activesupport-3.2.13/lib/active_support/core_ext/module/remove_method.rb:4 - method `_layout_conditions' not defined in ActionController::Base
Exception `NameError' at /Users/hupengxing/.rvm/gems/ruby-1.9.3-p392/gems/activesupport-3.2.13/lib/active_support/core_ext/module/remove_method.rb:4 - method `_layout' not defined in ActionController::Base
Exception `NameError' at /Users/hupengxing/.rvm/gems/ruby-1.9.3-p392/gems/activesupport-3.2.13/lib/active_support/core_ext/module/remove_method.rb:4 - method `_layout_conditions' not defined in ActionController::Base
Exception `NameError' at /Users/hupengxing/.rvm/gems/ruby-1.9.3-p392/gems/activesupport-3.2.13/lib/active_support/core_ext/module/remove_method.rb:4 - method `_layout' not defined in ActionController::Base
Exception `NameError' at /Users/hupengxing/.rvm/gems/ruby-1.9.3-p392/gems/activesupport-3.2.13/lib/active_support/core_ext/module/remove_method.rb:4 - method `_validators' not defined in Class
Exception `NameError' at /Users/hupengxing/.rvm/gems/ruby-1.9.3-p392/gems/activesupport-3.2.13/lib/active_support/core_ext/module/remove_method.rb:4 - method `_validators' not defined in Class
Exception `NameError' at /Users/hupengxing/.rvm/gems/ruby-1.9.3-p392/gems/activesupport-3.2.13/lib/active_support/core_ext/module/remove_method.rb:4 - method `_validation_callbacks' not defined in Class
Exception `NameError' at /Users/hupengxing/.rvm/gems/ruby-1.9.3-p392/gems/activesupport-3.2.13/lib/active_support/core_ext/module/remove_method.rb:4 - method `_validation_callbacks' not defined in Class
Exception `NameError' at /Users/hupengxing/.rvm/gems/ruby-1.9.3-p392/gems/activesupport-3.2.13/lib/active_support/core_ext/module/remove_method.rb:4 - method `_validate_callbacks' not defined in Class
Exception `NameError' at /Users/hupengxing/.rvm/gems/ruby-1.9.3-p392/gems/activesupport-3.2.13/lib/active_support/core_ext/module/remove_method.rb:4 - method `_validate_callbacks' not defined in Class
Exception `NameError' at /Users/hupengxing/.rvm/gems/ruby-1.9.3-p392/gems/activesupport-3.2.13/lib/active_support/core_ext/module/remove_method.rb:4 - method `_accessible_attributes' not defined in Class
Exception `NameError' at /Users/hupengxing/.rvm/gems/ruby-1.9.3-p392/gems/activesupport-3.2.13/lib/active_support/core_ext/module/remove_method.rb:4 - method `_accessible_attributes' not defined in Class
Exception `NameError' at /Users/hupengxing/.rvm/gems/ruby-1.9.3-p392/gems/activesupport-3.2.13/lib/active_support/core_ext/module/remove_method.rb:4 - method `_active_authorizer' not defined in Class
Exception `NameError' at /Users/hupengxing/.rvm/gems/ruby-1.9.3-p392/gems/activesupport-3.2.13/lib/active_support/core_ext/module/remove_method.rb:4 - method `_active_authorizer' not defined in Class
I, [2013-06-25T16:26:49.124719 #21353]  INFO -- : worker=0 ready
I, [2013-06-25T16:26:49.125167 #21354]  INFO -- : worker=1 ready
Exception `NameError' at /Users/hupengxing/.rvm/gems/ruby-1.9.3-p392/gems/activesupport-3.2.13/lib/active_support/core_ext/module/remove_method.rb:4 - method `_helpers' not defined in Class
Exception `NameError' at /Users/hupengxing/.rvm/gems/ruby-1.9.3-p392/gems/activesupport-3.2.13/lib/active_support/core_ext/module/remove_method.rb:4 - method `middleware_stack' not defined in Class
Exception `NameError' at /Users/hupengxing/.rvm/gems/ruby-1.9.3-p392/gems/activesupport-3.2.13/lib/active_support/core_ext/module/remove_method.rb:4 - method `_layout' not defined in ApplicationController
Exception `NameError' at /Users/hupengxing/.rvm/gems/ruby-1.9.3-p392/gems/activesupport-3.2.13/lib/active_support/core_ext/module/remove_method.rb:4 - method `_routes' not defined in Class
Exception `NameError' at /Users/hupengxing/.rvm/gems/ruby-1.9.3-p392/gems/activesupport-3.2.13/lib/active_support/core_ext/module/remove_method.rb:4 - method `helpers_path' not defined in Class
Exception `NameError' at /Users/hupengxing/.rvm/gems/ruby-1.9.3-p392/gems/activesupport-3.2.13/lib/active_support/core_ext/module/remove_method.rb:4 - method `_process_action_callbacks' not defined in Class
Exception `NameError' at /Users/hupengxing/.rvm/gems/ruby-1.9.3-p392/gems/activesupport-3.2.13/lib/active_support/core_ext/module/remove_method.rb:4 - method `_helpers' not defined in Class
Exception `NameError' at /Users/hupengxing/.rvm/gems/ruby-1.9.3-p392/gems/activesupport-3.2.13/lib/active_support/core_ext/module/remove_method.rb:4 - method `middleware_stack' not defined in Class
Exception `NameError' at /Users/hupengxing/.rvm/gems/ruby-1.9.3-p392/gems/activesupport-3.2.13/lib/active_support/core_ext/module/remove_method.rb:4 - method `_layout' not defined in RootController
Exception `NameError' at /Users/hupengxing/.rvm/gems/ruby-1.9.3-p392/gems/activesupport-3.2.13/lib/active_support/core_ext/module/remove_method.rb:4 - method `helpers_path' not defined in Class
Exception `NameError' at /Users/hupengxing/.rvm/gems/ruby-1.9.3-p392/gems/activesupport-3.2.13/lib/active_support/core_ext/module/remove_method.rb:4 - method `_validators' not defined in Class
Exception `NameError' at /Users/hupengxing/.rvm/gems/ruby-1.9.3-p392/gems/activesupport-3.2.13/lib/active_support/core_ext/module/remove_method.rb:4 - method `_validate_callbacks' not defined in Class
Exception `NameError' at /Users/hupengxing/.rvm/gems/ruby-1.9.3-p392/gems/activesupport-3.2.13/lib/active_support/core_ext/module/remove_method.rb:4 - method `reflections' not defined in Class
Exception `NameError' at /Users/hupengxing/.rvm/gems/ruby-1.9.3-p392/gems/activesupport-3.2.13/lib/active_support/core_ext/module/remove_method.rb:4 - method `_save_callbacks' not defined in Class
Exception `NameError' at /Users/hupengxing/.rvm/gems/ruby-1.9.3-p392/gems/activesupport-3.2.13/lib/active_support/core_ext/module/remove_method.rb:4 - method `_create_callbacks' not defined in Class
Exception `NameError' at /Users/hupengxing/.rvm/gems/ruby-1.9.3-p392/gems/activesupport-3.2.13/lib/active_support/core_ext/module/remove_method.rb:4 - method `_destroy_callbacks' not defined in Class
Exception `NameError' at /Users/hupengxing/.rvm/gems/ruby-1.9.3-p392/gems/activesupport-3.2.13/lib/active_support/core_ext/module/remove_method.rb:4 - method `_update_callbacks' not defined in Class
Exception `NameError' at /Users/hupengxing/.rvm/gems/ruby-1.9.3-p392/gems/activesupport-3.2.13/lib/active_support/core_ext/module/remove_method.rb:4 - method `_validators' not defined in Class
Exception `NameError' at /Users/hupengxing/.rvm/gems/ruby-1.9.3-p392/gems/activesupport-3.2.13/lib/active_support/core_ext/module/remove_method.rb:4 - method `_validate_callbacks' not defined in Class
Exception `NameError' at /Users/hupengxing/.rvm/gems/ruby-1.9.3-p392/gems/activesupport-3.2.13/lib/active_support/core_ext/module/remove_method.rb:4 - method `reflections' not defined in Class
Exception `NameError' at /Users/hupengxing/.rvm/gems/ruby-1.9.3-p392/gems/activesupport-3.2.13/lib/active_support/core_ext/module/remove_method.rb:4 - method `_save_callbacks' not defined in Class
Exception `NameError' at /Users/hupengxing/.rvm/gems/ruby-1.9.3-p392/gems/activesupport-3.2.13/lib/active_support/core_ext/module/remove_method.rb:4 - method `_create_callbacks' not defined in Class
Exception `NameError' at /Users/hupengxing/.rvm/gems/ruby-1.9.3-p392/gems/activesupport-3.2.13/lib/active_support/core_ext/module/remove_method.rb:4 - method `_update_callbacks' not defined in Class
Exception `NameError' at /Users/hupengxing/.rvm/gems/ruby-1.9.3-p392/gems/activesupport-3.2.13/lib/active_support/core_ext/module/remove_method.rb:4 - method `_destroy_callbacks' not defined in Class
Exception `NameError' at /Users/hupengxing/.rvm/gems/ruby-1.9.3-p392/gems/activesupport-3.2.13/lib/active_support/core_ext/module/remove_method.rb:4 - method `_validators' not defined in Class
Exception `NameError' at /Users/hupengxing/.rvm/gems/ruby-1.9.3-p392/gems/activesupport-3.2.13/lib/active_support/core_ext/module/remove_method.rb:4 - method `_routes' not defined in Class
Exception `NameError' at /Users/hupengxing/.rvm/gems/ruby-1.9.3-p392/gems/activesupport-3.2.13/lib/active_support/core_ext/module/remove_method.rb:4 - method `helpers' not defined in Class
Exception `NameError' at /Users/hupengxing/.rvm/gems/ruby-1.9.3-p392/gems/activesupport-3.2.13/lib/active_support/core_ext/module/remove_method.rb:4 - method `_helpers' not defined in Class
Exception `NameError' at /Users/hupengxing/.rvm/gems/ruby-1.9.3-p392/gems/activesupport-3.2.13/lib/active_support/core_ext/module/remove_method.rb:4 - method `middleware_stack' not defined in Class
Exception `NameError' at /Users/hupengxing/.rvm/gems/ruby-1.9.3-p392/gems/activesupport-3.2.13/lib/active_support/core_ext/module/remove_method.rb:4 - method `_layout' not defined in ApplicationController
Exception `NameError' at /Users/hupengxing/.rvm/gems/ruby-1.9.3-p392/gems/activesupport-3.2.13/lib/active_support/core_ext/module/remove_method.rb:4 - method `_routes' not defined in Class
Exception `NameError' at /Users/hupengxing/.rvm/gems/ruby-1.9.3-p392/gems/activesupport-3.2.13/lib/active_support/core_ext/module/remove_method.rb:4 - method `helpers_path' not defined in Class
Exception `NameError' at /Users/hupengxing/.rvm/gems/ruby-1.9.3-p392/gems/activesupport-3.2.13/lib/active_support/core_ext/module/remove_method.rb:4 - method `_process_action_callbacks' not defined in Class
Exception `NameError' at /Users/hupengxing/.rvm/gems/ruby-1.9.3-p392/gems/activesupport-3.2.13/lib/active_support/core_ext/module/remove_method.rb:4 - method `_helpers' not defined in Class
Exception `NameError' at /Users/hupengxing/.rvm/gems/ruby-1.9.3-p392/gems/activesupport-3.2.13/lib/active_support/core_ext/module/remove_method.rb:4 - method `middleware_stack' not defined in Class
Exception `NameError' at /Users/hupengxing/.rvm/gems/ruby-1.9.3-p392/gems/activesupport-3.2.13/lib/active_support/core_ext/module/remove_method.rb:4 - method `_layout' not defined in RootController
Exception `NameError' at /Users/hupengxing/.rvm/gems/ruby-1.9.3-p392/gems/activesupport-3.2.13/lib/active_support/core_ext/module/remove_method.rb:4 - method `helpers_path' not defined in Class
Exception `NameError' at /Users/hupengxing/.rvm/gems/ruby-1.9.3-p392/gems/activesupport-3.2.13/lib/active_support/core_ext/module/remove_method.rb:4 - method `_validators' not defined in Class
Exception `NameError' at /Users/hupengxing/.rvm/gems/ruby-1.9.3-p392/gems/activesupport-3.2.13/lib/active_support/core_ext/module/remove_method.rb:4 - method `_validate_callbacks' not defined in Class
Exception `NameError' at /Users/hupengxing/.rvm/gems/ruby-1.9.3-p392/gems/activesupport-3.2.13/lib/active_support/core_ext/module/remove_method.rb:4 - method `reflections' not defined in Class
Exception `NameError' at /Users/hupengxing/.rvm/gems/ruby-1.9.3-p392/gems/activesupport-3.2.13/lib/active_support/core_ext/module/remove_method.rb:4 - method `_save_callbacks' not defined in Class
Exception `NameError' at /Users/hupengxing/.rvm/gems/ruby-1.9.3-p392/gems/activesupport-3.2.13/lib/active_support/core_ext/module/remove_method.rb:4 - method `_create_callbacks' not defined in Class
Exception `NameError' at /Users/hupengxing/.rvm/gems/ruby-1.9.3-p392/gems/activesupport-3.2.13/lib/active_support/core_ext/module/remove_method.rb:4 - method `_destroy_callbacks' not defined in Class
Exception `NameError' at /Users/hupengxing/.rvm/gems/ruby-1.9.3-p392/gems/activesupport-3.2.13/lib/active_support/core_ext/module/remove_method.rb:4 - method `_update_callbacks' not defined in Class
Exception `NameError' at /Users/hupengxing/.rvm/gems/ruby-1.9.3-p392/gems/activesupport-3.2.13/lib/active_support/core_ext/module/remove_method.rb:4 - method `_validators' not defined in Class
Exception `NameError' at /Users/hupengxing/.rvm/gems/ruby-1.9.3-p392/gems/activesupport-3.2.13/lib/active_support/core_ext/module/remove_method.rb:4 - method `_validate_callbacks' not defined in Class
Exception `NameError' at /Users/hupengxing/.rvm/gems/ruby-1.9.3-p392/gems/activesupport-3.2.13/lib/active_support/core_ext/module/remove_method.rb:4 - method `reflections' not defined in Class
Exception `NameError' at /Users/hupengxing/.rvm/gems/ruby-1.9.3-p392/gems/activesupport-3.2.13/lib/active_support/core_ext/module/remove_method.rb:4 - method `_save_callbacks' not defined in Class
Exception `NameError' at /Users/hupengxing/.rvm/gems/ruby-1.9.3-p392/gems/activesupport-3.2.13/lib/active_support/core_ext/module/remove_method.rb:4 - method `_create_callbacks' not defined in Class
Exception `NameError' at /Users/hupengxing/.rvm/gems/ruby-1.9.3-p392/gems/activesupport-3.2.13/lib/active_support/core_ext/module/remove_method.rb:4 - method `_update_callbacks' not defined in Class
Exception `NameError' at /Users/hupengxing/.rvm/gems/ruby-1.9.3-p392/gems/activesupport-3.2.13/lib/active_support/core_ext/module/remove_method.rb:4 - method `_destroy_callbacks' not defined in Class
Exception `NameError' at /Users/hupengxing/.rvm/gems/ruby-1.9.3-p392/gems/activesupport-3.2.13/lib/active_support/core_ext/module/remove_method.rb:4 - method `_validators' not defined in Class
Exception `NameError' at /Users/hupengxing/.rvm/gems/ruby-1.9.3-p392/gems/activesupport-3.2.13/lib/active_support/core_ext/module/remove_method.rb:4 - method `_routes' not defined in Class
Exception `NameError' at /Users/hupengxing/.rvm/gems/ruby-1.9.3-p392/gems/activesupport-3.2.13/lib/active_support/core_ext/module/remove_method.rb:4 - method `helpers' not defined in Class
D, [2013-06-25T18:42:37.535830 #21352] DEBUG -- : waiting 16.0s after suspend/hibernation
D, [2013-06-25T18:43:16.999023 #21352] DEBUG -- : waiting 16.0s after suspend/hibernation
D, [2013-06-26T09:22:32.917124 #21352] DEBUG -- : waiting 16.0s after suspend/hibernation
D, [2013-06-26T12:08:27.965052 #21352] DEBUG -- : waiting 16.0s after suspend/hibernation
D, [2013-06-26T13:01:07.922978 #21352] DEBUG -- : waiting 16.0s after suspend/hibernation
D, [2013-06-26T13:29:08.897706 #21352] DEBUG -- : waiting 16.0s after suspend/hibernation
D, [2013-06-26T16:52:02.913157 #21352] DEBUG -- : waiting 16.0s after suspend/hibernation
D, [2013-06-26T18:46:09.286576 #21352] DEBUG -- : waiting 16.0s after suspend/hibernation
D, [2013-06-26T18:46:59.416372 #21352] DEBUG -- : waiting 16.0s after suspend/hibernation
D, [2013-06-27T09:22:15.907554 #21352] DEBUG -- : waiting 16.0s after suspend/hibernation
I, [2013-06-27T11:53:57.628973 #21352]  INFO -- : reaped #<Process::Status: pid 21354 exit 0> worker=1
I, [2013-06-27T11:53:57.629104 #21352]  INFO -- : reaped #<Process::Status: pid 21353 exit 0> worker=0
Exception `Errno::ECHILD' at /Users/hupengxing/.rvm/gems/ruby-1.9.3-p392/gems/unicorn-4.6.2/lib/unicorn/http_server.rb:382 - No child processes
I, [2013-06-27T11:53:57.629362 #21352]  INFO -- : master complete
